#
# There is insufficient memory for the Java Runtime Environment to continue.
# Native memory allocation (malloc) failed to allocate 2278864 bytes for Chunk::new
# Possible reasons:
#   The system is out of physical RAM or swap space
#   The process is running with CompressedOops enabled, and the Java Heap may be blocking the growth of the native heap
# Possible solutions:
#   Reduce memory load on the system
#   Increase physical memory or swap space
#   Check if swap backing store is full
#   Decrease Java heap size (-Xmx/-Xms)
#   Decrease number of Java threads
#   Decrease Java thread stack sizes (-Xss)
#   Set larger code cache with -XX:ReservedCodeCacheSize=
#   JVM is running with Zero Based Compressed Oops mode in which the Java heap is
#     placed in the first 32GB address space. The Java Heap base address is the
#     maximum limit for the native heap growth. Please use -XX:HeapBaseMinAddress
#     to set the Java Heap base and to place the Java Heap above 32GB virtual address.
# This output file may be truncated or incomplete.
#
#  Out of Memory Error (arena.cpp:191), pid=16388, tid=2668
#
# JRE version: OpenJDK Runtime Environment (17.0.10) (build 17.0.10+0--11572160)
# Java VM: OpenJDK 64-Bit Server VM (17.0.10+0--11572160, mixed mode, tiered, compressed oops, compressed class ptrs, g1 gc, windows-amd64)
# No core dump will be written. Minidumps are not enabled by default on client versions of Windows
#

---------------  S U M M A R Y ------------

Command Line: --add-opens=java.base/java.util=ALL-UNNAMED --add-opens=java.base/java.lang=ALL-UNNAMED --add-opens=java.base/java.lang.invoke=ALL-UNNAMED --add-opens=java.base/java.util=ALL-UNNAMED --add-opens=java.prefs/java.util.prefs=ALL-UNNAMED --add-opens=java.prefs/java.util.prefs=ALL-UNNAMED --add-opens=java.base/java.nio.charset=ALL-UNNAMED --add-opens=java.base/java.net=ALL-UNNAMED --add-opens=java.base/java.util.concurrent.atomic=ALL-UNNAMED -Xmx4G -Dfile.encoding=windows-1252 -Duser.country=FR -Duser.language=fr -Duser.variant org.gradle.launcher.daemon.bootstrap.GradleDaemon 7.5

Host: Intel(R) Core(TM) i7-3770K CPU @ 3.50GHz, 8 cores, 7G,  Windows 11 , 64 bit Build 22621 (10.0.22621.4391)
Time: Mon Nov 18 19:21:30 2024 Greenwich elapsed time: 32.107953 seconds (0d 0h 0m 32s)

---------------  T H R E A D  ---------------

Current thread (0x00000292ed089c70):  JavaThread "C2 CompilerThread0" daemon [_thread_in_native, id=2668, stack(0x00000095e3400000,0x00000095e3500000)]


Current CompileTask:
C2:  32108 7766       4       org.objectweb.asm.Frame::execute (2318 bytes)

Stack: [0x00000095e3400000,0x00000095e3500000]
Native frames: (J=compiled Java code, j=interpreted, Vv=VM code, C=native code)
V  [jvm.dll+0x688e89]
V  [jvm.dll+0x84247a]
V  [jvm.dll+0x8440be]
V  [jvm.dll+0x844723]
V  [jvm.dll+0x24be0f]
V  [jvm.dll+0xac524]
V  [jvm.dll+0xacb6c]
V  [jvm.dll+0x36bd67]
V  [jvm.dll+0x33615a]
V  [jvm.dll+0x3355fa]
V  [jvm.dll+0x21daa1]
V  [jvm.dll+0x21cec1]
V  [jvm.dll+0x1a60ad]
V  [jvm.dll+0x22cd78]
V  [jvm.dll+0x22aeb0]
V  [jvm.dll+0x7f6917]
V  [jvm.dll+0x7f0d1a]
V  [jvm.dll+0x687d05]
C  [ucrtbase.dll+0x29333]
C  [KERNEL32.DLL+0x1259d]
C  [ntdll.dll+0x5af38]


---------------  P R O C E S S  ---------------

Threads class SMR info:
_java_thread_list=0x00000292f006ce80, length=136, elements={
0x00000292ca08ea50, 0x00000292e628ea00, 0x00000292ed053520, 0x00000292ed0690e0,
0x00000292ed085bf0, 0x00000292ed0885c0, 0x00000292ed088f80, 0x00000292ed089c70,
0x00000292ed08db70, 0x00000292ed08f880, 0x00000292ed219030, 0x00000292ed221940,
0x00000292eec6d980, 0x00000292ef269010, 0x00000292ee86fa20, 0x00000292ef295740,
0x00000292eef028b0, 0x00000292edb41370, 0x00000292ee9a3460, 0x00000292ee9a3e80,
0x00000292ee9a48a0, 0x00000292ee9a57d0, 0x00000292ee9a4db0, 0x00000292ee9a52c0,
0x00000292ee9a5ce0, 0x00000292ee9a61f0, 0x00000292ee9a6700, 0x00000292ee9a3970,
0x00000292ee9a4390, 0x00000292ee7f7040, 0x00000292ee7f1a30, 0x00000292ee7f1520,
0x00000292ee7f4cd0, 0x00000292ee7f1010, 0x00000292ee7f00e0, 0x00000292ee7f6620,
0x00000292ee7f7a60, 0x00000292ee7f05f0, 0x00000292ee7f5c00, 0x00000292ee7f51e0,
0x00000292ee7f2960, 0x00000292ee7f2e70, 0x00000292ee7f3380, 0x00000292ee7f3890,
0x00000292ee7f3da0, 0x00000292ee7f42b0, 0x00000292ee7f56f0, 0x00000292ee7f6110,
0x00000292ee7f6b30, 0x00000292efb11c60, 0x00000292efb12170, 0x00000292efb10820,
0x00000292efb12680, 0x00000292efb130a0, 0x00000292efb144e0, 0x00000292efb0f3e0,
0x00000292efb11240, 0x00000292efb10d30, 0x00000292efb149f0, 0x00000292efb135b0,
0x00000292efb10310, 0x00000292efb14f00, 0x00000292efb0f8f0, 0x00000292efb13ac0,
0x00000292efb0eed0, 0x00000292efb16340, 0x00000292efb12b90, 0x00000292efb11750,
0x00000292efb15410, 0x00000292efb15920, 0x00000292efb13fd0, 0x00000292efb15e30,
0x00000292efb0fe00, 0x00000292efb16850, 0x00000292ef095040, 0x00000292ef095550,
0x00000292ef0978c0, 0x00000292ef096990, 0x00000292ef098d00, 0x00000292ef095a60,
0x00000292ef096ea0, 0x00000292ef09a140, 0x00000292ef099c30, 0x00000292ef09a650,
0x00000292ef0973b0, 0x00000292ef099210, 0x00000292ef096480, 0x00000292ef099720,
0x00000292ef09ab60, 0x00000292ef097dd0, 0x00000292ef09ba90, 0x00000292ef0982e0,
0x00000292ef0987f0, 0x00000292ef09b070, 0x00000292ef09b580, 0x00000292ef09bfa0,
0x00000292ef094b30, 0x00000292ef09c4b0, 0x00000292ef095f70, 0x00000292eec7cb20,
0x00000292eec79880, 0x00000292eec7d540, 0x00000292eec7b6e0, 0x00000292eec79d90,
0x00000292eec7c100, 0x00000292eec7a2a0, 0x00000292eec7d030, 0x00000292eec77000,
0x00000292eec79370, 0x00000292eec7e470, 0x00000292eec77510, 0x00000292eec7c610,
0x00000292eec7da50, 0x00000292eec7e980, 0x00000292eec7df60, 0x00000292eec78e60,
0x00000292eec7bbf0, 0x00000292eec7a7b0, 0x00000292eec77a20, 0x00000292eec7acc0,
0x00000292eec77f30, 0x00000292eec78440, 0x00000292eec78950, 0x00000292eec7b1d0,
0x00000292f23aaa70, 0x00000292f23b0aa0, 0x00000292f23acde0, 0x00000292f23b0fb0,
0x00000292f23ac3c0, 0x00000292f23aec40, 0x00000292f23ab9a0, 0x00000292f23ae730,
0x00000292f23ac8d0, 0x00000292f23ab490, 0x00000292f27dabe0, 0x00000292f23abeb0
}

Java Threads: ( => current thread )
  0x00000292ca08ea50 JavaThread "main" [_thread_blocked, id=15484, stack(0x00000095e2700000,0x00000095e2800000)]
  0x00000292e628ea00 JavaThread "Reference Handler" daemon [_thread_blocked, id=15084, stack(0x00000095e2e00000,0x00000095e2f00000)]
  0x00000292ed053520 JavaThread "Finalizer" daemon [_thread_blocked, id=13052, stack(0x00000095e2f00000,0x00000095e3000000)]
  0x00000292ed0690e0 JavaThread "Signal Dispatcher" daemon [_thread_blocked, id=16880, stack(0x00000095e3000000,0x00000095e3100000)]
  0x00000292ed085bf0 JavaThread "Attach Listener" daemon [_thread_blocked, id=8096, stack(0x00000095e3100000,0x00000095e3200000)]
  0x00000292ed0885c0 JavaThread "Service Thread" daemon [_thread_blocked, id=1812, stack(0x00000095e3200000,0x00000095e3300000)]
  0x00000292ed088f80 JavaThread "Monitor Deflation Thread" daemon [_thread_blocked, id=14196, stack(0x00000095e3300000,0x00000095e3400000)]
=>0x00000292ed089c70 JavaThread "C2 CompilerThread0" daemon [_thread_in_native, id=2668, stack(0x00000095e3400000,0x00000095e3500000)]
  0x00000292ed08db70 JavaThread "C1 CompilerThread0" daemon [_thread_blocked, id=5144, stack(0x00000095e3500000,0x00000095e3600000)]
  0x00000292ed08f880 JavaThread "Sweeper thread" daemon [_thread_blocked, id=1980, stack(0x00000095e3600000,0x00000095e3700000)]
  0x00000292ed219030 JavaThread "Common-Cleaner" daemon [_thread_blocked, id=14776, stack(0x00000095e3700000,0x00000095e3800000)]
  0x00000292ed221940 JavaThread "Notification Thread" daemon [_thread_blocked, id=17676, stack(0x00000095e3800000,0x00000095e3900000)]
  0x00000292eec6d980 JavaThread "Daemon health stats" [_thread_blocked, id=13348, stack(0x00000095e3f00000,0x00000095e4000000)]
  0x00000292ef269010 JavaThread "Incoming local TCP Connector on port 55739" [_thread_in_native, id=17568, stack(0x00000095e4000000,0x00000095e4100000)]
  0x00000292ee86fa20 JavaThread "Daemon periodic checks" [_thread_blocked, id=9036, stack(0x00000095e4100000,0x00000095e4200000)]
  0x00000292ef295740 JavaThread "Daemon" [_thread_blocked, id=5324, stack(0x00000095e3e00000,0x00000095e3f00000)]
  0x00000292eef028b0 JavaThread "Handler for socket connection from /127.0.0.1:55739 to /127.0.0.1:55740" [_thread_in_native, id=11460, stack(0x00000095e4200000,0x00000095e4300000)]
  0x00000292edb41370 JavaThread "Cancel handler" [_thread_blocked, id=8188, stack(0x00000095e4300000,0x00000095e4400000)]
  0x00000292ee9a3460 JavaThread "Daemon worker" [_thread_in_vm, id=15704, stack(0x00000095e4400000,0x00000095e4500000)]
  0x00000292ee9a3e80 JavaThread "Asynchronous log dispatcher for DefaultDaemonConnection: socket connection from /127.0.0.1:55739 to /127.0.0.1:55740" [_thread_blocked, id=10440, stack(0x00000095e4500000,0x00000095e4600000)]
  0x00000292ee9a48a0 JavaThread "Stdin handler" [_thread_blocked, id=16968, stack(0x00000095e4600000,0x00000095e4700000)]
  0x00000292ee9a57d0 JavaThread "Daemon client event forwarder" [_thread_blocked, id=13700, stack(0x00000095e4700000,0x00000095e4800000)]
  0x00000292ee9a4db0 JavaThread "Cache worker for journal cache (C:\Users\monde\.gradle\caches\journal-1)" [_thread_blocked, id=13392, stack(0x00000095e4800000,0x00000095e4900000)]
  0x00000292ee9a52c0 JavaThread "File lock request listener" [_thread_in_native, id=14836, stack(0x00000095e4900000,0x00000095e4a00000)]
  0x00000292ee9a5ce0 JavaThread "Cache worker for file hash cache (C:\Users\monde\.gradle\caches\7.5\fileHashes)" [_thread_blocked, id=7500, stack(0x00000095e4e00000,0x00000095e4f00000)]
  0x00000292ee9a61f0 JavaThread "File watcher server" daemon [_thread_in_native, id=10944, stack(0x00000095e5100000,0x00000095e5200000)]
  0x00000292ee9a6700 JavaThread "File watcher consumer" daemon [_thread_blocked, id=9840, stack(0x00000095e5200000,0x00000095e5300000)]
  0x00000292ee9a3970 JavaThread "Cache worker for checksums cache (C:\Users\monde\Desktop\BEEZINESS\android\.gradle\7.5\checksums)" [_thread_blocked, id=17864, stack(0x00000095e4f00000,0x00000095e5000000)]
  0x00000292ee9a4390 JavaThread "Cache worker for cache directory md-rule (C:\Users\monde\.gradle\caches\7.5\md-rule)" [_thread_blocked, id=7280, stack(0x00000095e5300000,0x00000095e5400000)]
  0x00000292ee7f7040 JavaThread "Cache worker for file content cache (C:\Users\monde\.gradle\caches\7.5\fileContent)" [_thread_blocked, id=16780, stack(0x00000095e5400000,0x00000095e5500000)]
  0x00000292ee7f1a30 JavaThread "Cache worker for file hash cache (C:\Users\monde\Desktop\BEEZINESS\android\.gradle\7.5\fileHashes)" [_thread_blocked, id=10996, stack(0x00000095e5500000,0x00000095e5600000)]
  0x00000292ee7f1520 JavaThread "Cache worker for cache directory md-supplier (C:\Users\monde\.gradle\caches\7.5\md-supplier)" [_thread_blocked, id=11292, stack(0x00000095e5600000,0x00000095e5700000)]
  0x00000292ee7f4cd0 JavaThread "Cache worker for execution history cache (C:\Users\monde\.gradle\caches\7.5\executionHistory)" [_thread_blocked, id=7864, stack(0x00000095e5800000,0x00000095e5900000)]
  0x00000292ee7f1010 JavaThread "jar transforms" [_thread_blocked, id=4852, stack(0x00000095e5a00000,0x00000095e5b00000)]
  0x00000292ee7f00e0 JavaThread "Cache worker for kotlin-dsl (C:\Users\monde\.gradle\caches\7.5\kotlin-dsl)" [_thread_blocked, id=12816, stack(0x00000095e5b00000,0x00000095e5c00000)]
  0x00000292ee7f6620 JavaThread "jar transforms Thread 2" [_thread_blocked, id=16860, stack(0x00000095e5700000,0x00000095e5800000)]
  0x00000292ee7f7a60 JavaThread "Cache worker for dependencies-accessors (C:\Users\monde\Desktop\BEEZINESS\android\.gradle\7.5\dependencies-accessors)" [_thread_blocked, id=9636, stack(0x00000095e5900000,0x00000095e5a00000)]
  0x00000292ee7f05f0 JavaThread "Cache worker for Build Output Cleanup Cache (C:\flutter\packages\flutter_tools\gradle\.gradle\buildOutputCleanup)" [_thread_blocked, id=17056, stack(0x00000095e5d00000,0x00000095e5e00000)]
  0x00000292ee7f5c00 JavaThread "jar transforms Thread 3" [_thread_blocked, id=8244, stack(0x00000095e5e00000,0x00000095e5f00000)]
  0x00000292ee7f51e0 JavaThread "Memory manager" [_thread_blocked, id=17736, stack(0x00000095e5f00000,0x00000095e6000000)]
  0x00000292ee7f2960 JavaThread "jar transforms Thread 4" [_thread_blocked, id=6688, stack(0x00000095e5c00000,0x00000095e5d00000)]
  0x00000292ee7f2e70 JavaThread "included builds" [_thread_blocked, id=15648, stack(0x00000095e6100000,0x00000095e6200000)]
  0x00000292ee7f3380 JavaThread "Execution worker" [_thread_blocked, id=13952, stack(0x00000095e6200000,0x00000095e6300000)]
  0x00000292ee7f3890 JavaThread "Execution worker Thread 2" [_thread_blocked, id=14420, stack(0x00000095e6300000,0x00000095e6400000)]
  0x00000292ee7f3da0 JavaThread "Execution worker Thread 3" [_thread_blocked, id=15096, stack(0x00000095e6400000,0x00000095e6500000)]
  0x00000292ee7f42b0 JavaThread "Execution worker Thread 4" [_thread_blocked, id=1784, stack(0x00000095e6500000,0x00000095e6600000)]
  0x00000292ee7f56f0 JavaThread "Execution worker Thread 5" [_thread_blocked, id=7056, stack(0x00000095e6600000,0x00000095e6700000)]
  0x00000292ee7f6110 JavaThread "Execution worker Thread 6" [_thread_blocked, id=18136, stack(0x00000095e6700000,0x00000095e6800000)]
  0x00000292ee7f6b30 JavaThread "Execution worker Thread 7" [_thread_blocked, id=6104, stack(0x00000095e6800000,0x00000095e6900000)]
  0x00000292efb11c60 JavaThread "Cache worker for execution history cache (C:\flutter\packages\flutter_tools\gradle\.gradle\7.5\executionHistory)" [_thread_blocked, id=16988, stack(0x00000095e6900000,0x00000095e6a00000)]
  0x00000292efb12170 JavaThread "Unconstrained build operations" [_thread_blocked, id=16480, stack(0x00000095e6000000,0x00000095e6100000)]
  0x00000292efb10820 JavaThread "Unconstrained build operations Thread 2" [_thread_blocked, id=10188, stack(0x00000095e6a00000,0x00000095e6b00000)]
  0x00000292efb12680 JavaThread "Unconstrained build operations Thread 3" [_thread_blocked, id=9700, stack(0x00000095e6b00000,0x00000095e6c00000)]
  0x00000292efb130a0 JavaThread "Unconstrained build operations Thread 4" [_thread_blocked, id=13640, stack(0x00000095e6c00000,0x00000095e6d00000)]
  0x00000292efb144e0 JavaThread "Unconstrained build operations Thread 5" [_thread_blocked, id=13532, stack(0x00000095e6d00000,0x00000095e6e00000)]
  0x00000292efb0f3e0 JavaThread "Unconstrained build operations Thread 6" [_thread_blocked, id=10156, stack(0x00000095e6e00000,0x00000095e6f00000)]
  0x00000292efb11240 JavaThread "Unconstrained build operations Thread 7" [_thread_blocked, id=12708, stack(0x00000095e6f00000,0x00000095e7000000)]
  0x00000292efb10d30 JavaThread "Unconstrained build operations Thread 8" [_thread_blocked, id=3104, stack(0x00000095e7000000,0x00000095e7100000)]
  0x00000292efb149f0 JavaThread "Unconstrained build operations Thread 9" [_thread_blocked, id=6528, stack(0x00000095e7100000,0x00000095e7200000)]
  0x00000292efb135b0 JavaThread "Unconstrained build operations Thread 10" [_thread_blocked, id=15972, stack(0x00000095e7200000,0x00000095e7300000)]
  0x00000292efb10310 JavaThread "Unconstrained build operations Thread 11" [_thread_blocked, id=13584, stack(0x00000095e7300000,0x00000095e7400000)]
  0x00000292efb14f00 JavaThread "Unconstrained build operations Thread 12" [_thread_blocked, id=10396, stack(0x00000095e7400000,0x00000095e7500000)]
  0x00000292efb0f8f0 JavaThread "Unconstrained build operations Thread 13" [_thread_blocked, id=13756, stack(0x00000095e7500000,0x00000095e7600000)]
  0x00000292efb13ac0 JavaThread "Unconstrained build operations Thread 14" [_thread_blocked, id=15540, stack(0x00000095e7600000,0x00000095e7700000)]
  0x00000292efb0eed0 JavaThread "Unconstrained build operations Thread 15" [_thread_blocked, id=2840, stack(0x00000095e7700000,0x00000095e7800000)]
  0x00000292efb16340 JavaThread "Unconstrained build operations Thread 16" [_thread_blocked, id=17772, stack(0x00000095e7800000,0x00000095e7900000)]
  0x00000292efb12b90 JavaThread "Unconstrained build operations Thread 17" [_thread_blocked, id=8964, stack(0x00000095e7900000,0x00000095e7a00000)]
  0x00000292efb11750 JavaThread "Unconstrained build operations Thread 18" [_thread_blocked, id=17208, stack(0x00000095e7a00000,0x00000095e7b00000)]
  0x00000292efb15410 JavaThread "Unconstrained build operations Thread 19" [_thread_blocked, id=14636, stack(0x00000095e7b00000,0x00000095e7c00000)]
  0x00000292efb15920 JavaThread "Unconstrained build operations Thread 20" [_thread_blocked, id=5436, stack(0x00000095e7c00000,0x00000095e7d00000)]
  0x00000292efb13fd0 JavaThread "Unconstrained build operations Thread 21" [_thread_blocked, id=10116, stack(0x00000095e7d00000,0x00000095e7e00000)]
  0x00000292efb15e30 JavaThread "Unconstrained build operations Thread 22" [_thread_blocked, id=13016, stack(0x00000095e7e00000,0x00000095e7f00000)]
  0x00000292efb0fe00 JavaThread "Unconstrained build operations Thread 23" [_thread_blocked, id=6036, stack(0x00000095e7f00000,0x00000095e8000000)]
  0x00000292efb16850 JavaThread "Unconstrained build operations Thread 24" [_thread_blocked, id=9660, stack(0x00000095e8000000,0x00000095e8100000)]
  0x00000292ef095040 JavaThread "Unconstrained build operations Thread 25" [_thread_blocked, id=17284, stack(0x00000095e8100000,0x00000095e8200000)]
  0x00000292ef095550 JavaThread "Unconstrained build operations Thread 26" [_thread_blocked, id=8932, stack(0x00000095e8200000,0x00000095e8300000)]
  0x00000292ef0978c0 JavaThread "Unconstrained build operations Thread 27" [_thread_blocked, id=16416, stack(0x00000095e8300000,0x00000095e8400000)]
  0x00000292ef096990 JavaThread "Unconstrained build operations Thread 28" [_thread_blocked, id=14972, stack(0x00000095e8400000,0x00000095e8500000)]
  0x00000292ef098d00 JavaThread "Unconstrained build operations Thread 29" [_thread_blocked, id=13004, stack(0x00000095e8500000,0x00000095e8600000)]
  0x00000292ef095a60 JavaThread "Unconstrained build operations Thread 30" [_thread_blocked, id=16824, stack(0x00000095e8600000,0x00000095e8700000)]
  0x00000292ef096ea0 JavaThread "Unconstrained build operations Thread 31" [_thread_blocked, id=12952, stack(0x00000095e8700000,0x00000095e8800000)]
  0x00000292ef09a140 JavaThread "Unconstrained build operations Thread 32" [_thread_blocked, id=14192, stack(0x00000095e8800000,0x00000095e8900000)]
  0x00000292ef099c30 JavaThread "Unconstrained build operations Thread 33" [_thread_blocked, id=4708, stack(0x00000095e8900000,0x00000095e8a00000)]
  0x00000292ef09a650 JavaThread "Unconstrained build operations Thread 34" [_thread_blocked, id=13100, stack(0x00000095e8a00000,0x00000095e8b00000)]
  0x00000292ef0973b0 JavaThread "Unconstrained build operations Thread 35" [_thread_blocked, id=10560, stack(0x00000095e8b00000,0x00000095e8c00000)]
  0x00000292ef099210 JavaThread "Unconstrained build operations Thread 36" [_thread_blocked, id=15264, stack(0x00000095e8c00000,0x00000095e8d00000)]
  0x00000292ef096480 JavaThread "Unconstrained build operations Thread 37" [_thread_blocked, id=160, stack(0x00000095e8d00000,0x00000095e8e00000)]
  0x00000292ef099720 JavaThread "Unconstrained build operations Thread 38" [_thread_blocked, id=11812, stack(0x00000095e8e00000,0x00000095e8f00000)]
  0x00000292ef09ab60 JavaThread "Unconstrained build operations Thread 39" [_thread_blocked, id=16276, stack(0x00000095e8f00000,0x00000095e9000000)]
  0x00000292ef097dd0 JavaThread "Unconstrained build operations Thread 40" [_thread_blocked, id=10948, stack(0x00000095e9000000,0x00000095e9100000)]
  0x00000292ef09ba90 JavaThread "Unconstrained build operations Thread 41" [_thread_blocked, id=8780, stack(0x00000095e9100000,0x00000095e9200000)]
  0x00000292ef0982e0 JavaThread "Unconstrained build operations Thread 42" [_thread_blocked, id=18096, stack(0x00000095e9200000,0x00000095e9300000)]
  0x00000292ef0987f0 JavaThread "Unconstrained build operations Thread 43" [_thread_blocked, id=17672, stack(0x00000095e9300000,0x00000095e9400000)]
  0x00000292ef09b070 JavaThread "Unconstrained build operations Thread 44" [_thread_blocked, id=4240, stack(0x00000095e9400000,0x00000095e9500000)]
  0x00000292ef09b580 JavaThread "Unconstrained build operations Thread 45" [_thread_blocked, id=10288, stack(0x00000095e9500000,0x00000095e9600000)]
  0x00000292ef09bfa0 JavaThread "Unconstrained build operations Thread 46" [_thread_blocked, id=10328, stack(0x00000095e9600000,0x00000095e9700000)]
  0x00000292ef094b30 JavaThread "Unconstrained build operations Thread 47" [_thread_blocked, id=16172, stack(0x00000095e9700000,0x00000095e9800000)]
  0x00000292ef09c4b0 JavaThread "Unconstrained build operations Thread 48" [_thread_blocked, id=16072, stack(0x00000095e9800000,0x00000095e9900000)]
  0x00000292ef095f70 JavaThread "Unconstrained build operations Thread 49" [_thread_blocked, id=1548, stack(0x00000095e9900000,0x00000095e9a00000)]
  0x00000292eec7cb20 JavaThread "Unconstrained build operations Thread 50" [_thread_blocked, id=16292, stack(0x00000095e9a00000,0x00000095e9b00000)]
  0x00000292eec79880 JavaThread "Unconstrained build operations Thread 51" [_thread_blocked, id=3212, stack(0x00000095e9b00000,0x00000095e9c00000)]
  0x00000292eec7d540 JavaThread "Unconstrained build operations Thread 52" [_thread_blocked, id=8048, stack(0x00000095e9c00000,0x00000095e9d00000)]
  0x00000292eec7b6e0 JavaThread "Unconstrained build operations Thread 53" [_thread_blocked, id=4464, stack(0x00000095e9d00000,0x00000095e9e00000)]
  0x00000292eec79d90 JavaThread "Unconstrained build operations Thread 54" [_thread_blocked, id=10312, stack(0x00000095e9e00000,0x00000095e9f00000)]
  0x00000292eec7c100 JavaThread "Unconstrained build operations Thread 55" [_thread_blocked, id=13364, stack(0x00000095e9f00000,0x00000095ea000000)]
  0x00000292eec7a2a0 JavaThread "Unconstrained build operations Thread 56" [_thread_blocked, id=2176, stack(0x00000095ea000000,0x00000095ea100000)]
  0x00000292eec7d030 JavaThread "Unconstrained build operations Thread 57" [_thread_blocked, id=10700, stack(0x00000095ea100000,0x00000095ea200000)]
  0x00000292eec77000 JavaThread "Unconstrained build operations Thread 58" [_thread_blocked, id=17364, stack(0x00000095ea200000,0x00000095ea300000)]
  0x00000292eec79370 JavaThread "Unconstrained build operations Thread 59" [_thread_blocked, id=3064, stack(0x00000095ea300000,0x00000095ea400000)]
  0x00000292eec7e470 JavaThread "Unconstrained build operations Thread 60" [_thread_blocked, id=12672, stack(0x00000095ea400000,0x00000095ea500000)]
  0x00000292eec77510 JavaThread "Unconstrained build operations Thread 61" [_thread_blocked, id=14932, stack(0x00000095ea500000,0x00000095ea600000)]
  0x00000292eec7c610 JavaThread "Unconstrained build operations Thread 62" [_thread_blocked, id=11736, stack(0x00000095ea600000,0x00000095ea700000)]
  0x00000292eec7da50 JavaThread "Unconstrained build operations Thread 63" [_thread_blocked, id=6156, stack(0x00000095ea700000,0x00000095ea800000)]
  0x00000292eec7e980 JavaThread "Unconstrained build operations Thread 64" [_thread_blocked, id=8240, stack(0x00000095ea800000,0x00000095ea900000)]
  0x00000292eec7df60 JavaThread "Unconstrained build operations Thread 65" [_thread_blocked, id=14784, stack(0x00000095ea900000,0x00000095eaa00000)]
  0x00000292eec78e60 JavaThread "Unconstrained build operations Thread 66" [_thread_blocked, id=16496, stack(0x00000095eaa00000,0x00000095eab00000)]
  0x00000292eec7bbf0 JavaThread "Unconstrained build operations Thread 67" [_thread_blocked, id=4056, stack(0x00000095eab00000,0x00000095eac00000)]
  0x00000292eec7a7b0 JavaThread "Unconstrained build operations Thread 68" [_thread_blocked, id=17136, stack(0x00000095eac00000,0x00000095ead00000)]
  0x00000292eec77a20 JavaThread "Unconstrained build operations Thread 69" [_thread_blocked, id=16352, stack(0x00000095ead00000,0x00000095eae00000)]
  0x00000292eec7acc0 JavaThread "Unconstrained build operations Thread 70" [_thread_blocked, id=8120, stack(0x00000095eae00000,0x00000095eaf00000)]
  0x00000292eec77f30 JavaThread "Unconstrained build operations Thread 71" [_thread_blocked, id=14940, stack(0x00000095eaf00000,0x00000095eb000000)]
  0x00000292eec78440 JavaThread "Unconstrained build operations Thread 72" [_thread_blocked, id=17444, stack(0x00000095eb000000,0x00000095eb100000)]
  0x00000292eec78950 JavaThread "Unconstrained build operations Thread 73" [_thread_blocked, id=13176, stack(0x00000095eb100000,0x00000095eb200000)]
  0x00000292eec7b1d0 JavaThread "Unconstrained build operations Thread 74" [_thread_blocked, id=7912, stack(0x00000095eb200000,0x00000095eb300000)]
  0x00000292f23aaa70 JavaThread "Unconstrained build operations Thread 75" [_thread_blocked, id=11596, stack(0x00000095eb300000,0x00000095eb400000)]
  0x00000292f23b0aa0 JavaThread "Unconstrained build operations Thread 76" [_thread_blocked, id=14548, stack(0x00000095eb400000,0x00000095eb500000)]
  0x00000292f23acde0 JavaThread "Unconstrained build operations Thread 77" [_thread_blocked, id=8072, stack(0x00000095eb500000,0x00000095eb600000)]
  0x00000292f23b0fb0 JavaThread "Unconstrained build operations Thread 78" [_thread_blocked, id=18228, stack(0x00000095eb600000,0x00000095eb700000)]
  0x00000292f23ac3c0 JavaThread "Unconstrained build operations Thread 79" [_thread_blocked, id=15952, stack(0x00000095eb700000,0x00000095eb800000)]
  0x00000292f23aec40 JavaThread "Unconstrained build operations Thread 80" [_thread_blocked, id=3016, stack(0x00000095eb800000,0x00000095eb900000)]
  0x00000292f23ab9a0 JavaThread "jar transforms Thread 5" [_thread_blocked, id=15652, stack(0x00000095eb900000,0x00000095eba00000)]
  0x00000292f23ae730 JavaThread "jar transforms Thread 6" [_thread_blocked, id=10824, stack(0x00000095eba00000,0x00000095ebb00000)]
  0x00000292f23ac8d0 JavaThread "jar transforms Thread 7" [_thread_blocked, id=16664, stack(0x00000095ebb00000,0x00000095ebc00000)]
  0x00000292f23ab490 JavaThread "jar transforms Thread 8" [_thread_blocked, id=14812, stack(0x00000095ebc00000,0x00000095ebd00000)]
  0x00000292f27dabe0 JavaThread "C2 CompilerThread1" daemon [_thread_blocked, id=10672, stack(0x00000095ebd00000,0x00000095ebe00000)]
  0x00000292f23abeb0 JavaThread "Cache worker for Build Output Cleanup Cache (C:\Users\monde\Desktop\BEEZINESS\android\.gradle\buildOutputCleanup)" [_thread_blocked, id=9624, stack(0x00000095ebe00000,0x00000095ebf00000)]

Other Threads:
  0x00000292e628e4d0 VMThread "VM Thread" [stack: 0x00000095e2d00000,0x00000095e2e00000] [id=2940]
  0x00000292ed19f380 WatcherThread [stack: 0x00000095e3900000,0x00000095e3a00000] [id=15176]
  0x00000292ca0f9410 GCTaskThread "GC Thread#0" [stack: 0x00000095e2800000,0x00000095e2900000] [id=1552]
  0x00000292edf66370 GCTaskThread "GC Thread#1" [stack: 0x00000095e3a00000,0x00000095e3b00000] [id=6516]
  0x00000292edf66630 GCTaskThread "GC Thread#2" [stack: 0x00000095e3b00000,0x00000095e3c00000] [id=16908]
  0x00000292edfa6780 GCTaskThread "GC Thread#3" [stack: 0x00000095e3c00000,0x00000095e3d00000] [id=14292]
  0x00000292ee3267d0 GCTaskThread "GC Thread#4" [stack: 0x00000095e3d00000,0x00000095e3e00000] [id=3124]
  0x00000292ee8681c0 GCTaskThread "GC Thread#5" [stack: 0x00000095e4a00000,0x00000095e4b00000] [id=9716]
  0x00000292ed63fa90 GCTaskThread "GC Thread#6" [stack: 0x00000095e4b00000,0x00000095e4c00000] [id=8396]
  0x00000292edb21560 GCTaskThread "GC Thread#7" [stack: 0x00000095e4c00000,0x00000095e4d00000] [id=15724]
  0x00000292e60d2010 ConcurrentGCThread "G1 Main Marker" [stack: 0x00000095e2900000,0x00000095e2a00000] [id=16552]
  0x00000292e60d3070 ConcurrentGCThread "G1 Conc#0" [stack: 0x00000095e2a00000,0x00000095e2b00000] [id=12284]
  0x00000292ed53af50 ConcurrentGCThread "G1 Conc#1" [stack: 0x00000095e4d00000,0x00000095e4e00000] [id=8956]
  0x00000292ca1335b0 ConcurrentGCThread "G1 Refine#0" [stack: 0x00000095e2b00000,0x00000095e2c00000] [id=15596]
  0x00000292f0049870 ConcurrentGCThread "G1 Refine#1" [stack: 0x00000095e5000000,0x00000095e5100000] [id=1760]
  0x00000292e61143f0 ConcurrentGCThread "G1 Service" [stack: 0x00000095e2c00000,0x00000095e2d00000] [id=17732]

Threads with active compile tasks:
C2 CompilerThread0    32167 7766       4       org.objectweb.asm.Frame::execute (2318 bytes)
C1 CompilerThread0    32167 7822       3       sun.util.locale.LocaleObjectCache::cleanStaleEntries (34 bytes)
C2 CompilerThread1    32167 7823       4       sun.util.locale.LocaleUtils::toLowerString (95 bytes)

VM state: not at safepoint (normal execution)

VM Mutex/Monitor currently owned by a thread: None

Heap address: 0x0000000700000000, size: 4096 MB, Compressed Oops mode: Zero based, Oop shift amount: 3

CDS archive(s) not mapped
Compressed class space mapped at: 0x0000000800000000-0x0000000840000000, reserved size: 1073741824
Narrow klass base: 0x0000000800000000, Narrow klass shift: 0, Narrow klass range: 0x40000000

GC Precious Log:
 CPUs: 8 total, 8 available
 Memory: 8133M
 Large Page Support: Disabled
 NUMA Support: Disabled
 Compressed Oops: Enabled (Zero based)
 Heap Region Size: 2M
 Heap Min Capacity: 8M
 Heap Initial Capacity: 128M
 Heap Max Capacity: 4G
 Pre-touch: Disabled
 Parallel Workers: 8
 Concurrent Workers: 2
 Concurrent Refinement Workers: 8
 Periodic GC: Disabled

Heap:
 garbage-first heap   total 112640K, used 73905K [0x0000000700000000, 0x0000000800000000)
  region size 2048K, 6 young (12288K), 1 survivors (2048K)
 Metaspace       used 67741K, committed 68416K, reserved 1114112K
  class space    used 9271K, committed 9536K, reserved 1048576K

Heap Regions: E=young(eden), S=young(survivor), O=old, HS=humongous(starts), HC=humongous(continues), CS=collection set, F=free, OA=open archive, CA=closed archive, TAMS=top-at-mark-start (previous, next)
|   0|0x0000000700000000, 0x0000000700200000, 0x0000000700200000|100%| O|  |TAMS 0x0000000700200000, 0x0000000700000000| Untracked 
|   1|0x0000000700200000, 0x0000000700400000, 0x0000000700400000|100%| O|  |TAMS 0x0000000700400000, 0x0000000700200000| Untracked 
|   2|0x0000000700400000, 0x0000000700600000, 0x0000000700600000|100%|HS|  |TAMS 0x0000000700600000, 0x0000000700400000| Complete 
|   3|0x0000000700600000, 0x0000000700800000, 0x0000000700800000|100%|HC|  |TAMS 0x0000000700800000, 0x0000000700600000| Complete 
|   4|0x0000000700800000, 0x0000000700a00000, 0x0000000700a00000|100%| O|  |TAMS 0x0000000700a00000, 0x0000000700800000| Untracked 
|   5|0x0000000700a00000, 0x0000000700c00000, 0x0000000700c00000|100%| O|  |TAMS 0x0000000700c00000, 0x0000000700a00000| Untracked 
|   6|0x0000000700c00000, 0x0000000700e00000, 0x0000000700e00000|100%| O|  |TAMS 0x0000000700e00000, 0x0000000700c00000| Untracked 
|   7|0x0000000700e00000, 0x0000000701000000, 0x0000000701000000|100%| O|  |TAMS 0x0000000701000000, 0x0000000700e00000| Untracked 
|   8|0x0000000701000000, 0x0000000701200000, 0x0000000701200000|100%| O|  |TAMS 0x0000000701200000, 0x0000000701000000| Untracked 
|   9|0x0000000701200000, 0x0000000701400000, 0x0000000701400000|100%| O|  |TAMS 0x0000000701400000, 0x0000000701200000| Untracked 
|  10|0x0000000701400000, 0x0000000701600000, 0x0000000701600000|100%| O|  |TAMS 0x0000000701600000, 0x0000000701400000| Untracked 
|  11|0x0000000701600000, 0x0000000701800000, 0x0000000701800000|100%| O|  |TAMS 0x0000000701800000, 0x0000000701600000| Untracked 
|  12|0x0000000701800000, 0x0000000701a00000, 0x0000000701a00000|100%| O|  |TAMS 0x0000000701a00000, 0x0000000701800000| Untracked 
|  13|0x0000000701a00000, 0x0000000701c00000, 0x0000000701c00000|100%| O|  |TAMS 0x0000000701c00000, 0x0000000701a00000| Untracked 
|  14|0x0000000701c00000, 0x0000000701e00000, 0x0000000701e00000|100%| O|  |TAMS 0x0000000701e00000, 0x0000000701c00000| Untracked 
|  15|0x0000000701e00000, 0x0000000702000000, 0x0000000702000000|100%| O|  |TAMS 0x0000000702000000, 0x0000000701e00000| Untracked 
|  16|0x0000000702000000, 0x0000000702200000, 0x0000000702200000|100%| O|  |TAMS 0x0000000702200000, 0x0000000702000000| Untracked 
|  17|0x0000000702200000, 0x0000000702400000, 0x0000000702400000|100%| O|  |TAMS 0x0000000702400000, 0x0000000702200000| Untracked 
|  18|0x0000000702400000, 0x0000000702600000, 0x0000000702600000|100%|HS|  |TAMS 0x0000000702600000, 0x0000000702400000| Complete 
|  19|0x0000000702600000, 0x0000000702800000, 0x0000000702800000|100%| O|  |TAMS 0x0000000702800000, 0x0000000702600000| Untracked 
|  20|0x0000000702800000, 0x0000000702a00000, 0x0000000702a00000|100%| O|  |TAMS 0x0000000702a00000, 0x0000000702800000| Untracked 
|  21|0x0000000702a00000, 0x0000000702c00000, 0x0000000702c00000|100%| O|  |TAMS 0x0000000702c00000, 0x0000000702a00000| Untracked 
|  22|0x0000000702c00000, 0x0000000702e00000, 0x0000000702e00000|100%| O|  |TAMS 0x0000000702e00000, 0x0000000702c00000| Untracked 
|  23|0x0000000702e00000, 0x0000000703000000, 0x0000000703000000|100%| O|  |TAMS 0x0000000703000000, 0x0000000702e00000| Untracked 
|  24|0x0000000703000000, 0x0000000703200000, 0x0000000703200000|100%| O|  |TAMS 0x0000000703200000, 0x0000000703000000| Untracked 
|  25|0x0000000703200000, 0x0000000703400000, 0x0000000703400000|100%|HS|  |TAMS 0x0000000703400000, 0x0000000703200000| Complete 
|  26|0x0000000703400000, 0x0000000703600000, 0x0000000703600000|100%|HC|  |TAMS 0x0000000703600000, 0x0000000703400000| Complete 
|  27|0x0000000703600000, 0x0000000703800000, 0x0000000703800000|100%|HS|  |TAMS 0x0000000703800000, 0x0000000703600000| Complete 
|  28|0x0000000703800000, 0x0000000703a00000, 0x0000000703a00000|100%| O|  |TAMS 0x0000000703a00000, 0x0000000703800000| Untracked 
|  29|0x0000000703a00000, 0x0000000703c00000, 0x0000000703c00000|100%| O|  |TAMS 0x0000000703a76e00, 0x0000000703a00000| Untracked 
|  30|0x0000000703c00000, 0x0000000703e00000, 0x0000000703e00000|100%| O|  |TAMS 0x0000000703c00000, 0x0000000703c00000| Untracked 
|  31|0x0000000703e00000, 0x0000000703f7ee00, 0x0000000704000000| 74%| O|  |TAMS 0x0000000703e00000, 0x0000000703e00000| Untracked 
|  32|0x0000000704000000, 0x0000000704000000, 0x0000000704200000|  0%| F|  |TAMS 0x0000000704000000, 0x0000000704000000| Untracked 
|  33|0x0000000704200000, 0x0000000704200000, 0x0000000704400000|  0%| F|  |TAMS 0x0000000704200000, 0x0000000704200000| Untracked 
|  34|0x0000000704400000, 0x0000000704400000, 0x0000000704600000|  0%| F|  |TAMS 0x0000000704400000, 0x0000000704400000| Untracked 
|  35|0x0000000704600000, 0x0000000704600000, 0x0000000704800000|  0%| F|  |TAMS 0x0000000704600000, 0x0000000704600000| Untracked 
|  36|0x0000000704800000, 0x0000000704800000, 0x0000000704a00000|  0%| F|  |TAMS 0x0000000704800000, 0x0000000704800000| Untracked 
|  37|0x0000000704a00000, 0x0000000704a00000, 0x0000000704c00000|  0%| F|  |TAMS 0x0000000704a00000, 0x0000000704a00000| Untracked 
|  38|0x0000000704c00000, 0x0000000704c00000, 0x0000000704e00000|  0%| F|  |TAMS 0x0000000704c00000, 0x0000000704c00000| Untracked 
|  39|0x0000000704e00000, 0x0000000704e00000, 0x0000000705000000|  0%| F|  |TAMS 0x0000000704e00000, 0x0000000704e00000| Untracked 
|  40|0x0000000705000000, 0x0000000705000000, 0x0000000705200000|  0%| F|  |TAMS 0x0000000705000000, 0x0000000705000000| Untracked 
|  41|0x0000000705200000, 0x0000000705200000, 0x0000000705400000|  0%| F|  |TAMS 0x0000000705200000, 0x0000000705200000| Untracked 
|  42|0x0000000705400000, 0x0000000705400000, 0x0000000705600000|  0%| F|  |TAMS 0x0000000705400000, 0x0000000705400000| Untracked 
|  43|0x0000000705600000, 0x0000000705600000, 0x0000000705800000|  0%| F|  |TAMS 0x0000000705600000, 0x0000000705600000| Untracked 
|  44|0x0000000705800000, 0x0000000705800000, 0x0000000705a00000|  0%| F|  |TAMS 0x0000000705800000, 0x0000000705800000| Untracked 
|  45|0x0000000705a00000, 0x0000000705a00000, 0x0000000705c00000|  0%| F|  |TAMS 0x0000000705a00000, 0x0000000705a00000| Untracked 
|  46|0x0000000705c00000, 0x0000000705c00000, 0x0000000705e00000|  0%| F|  |TAMS 0x0000000705c00000, 0x0000000705c00000| Untracked 
|  47|0x0000000705e00000, 0x0000000705ead630, 0x0000000706000000| 33%| S|CS|TAMS 0x0000000705e00000, 0x0000000705e00000| Complete 
|  48|0x0000000706000000, 0x0000000706000000, 0x0000000706200000|  0%| F|  |TAMS 0x0000000706000000, 0x0000000706000000| Untracked 
|  49|0x0000000706200000, 0x0000000706200000, 0x0000000706400000|  0%| F|  |TAMS 0x0000000706200000, 0x0000000706200000| Untracked 
|  50|0x0000000706400000, 0x00000007065454d8, 0x0000000706600000| 63%| E|  |TAMS 0x0000000706400000, 0x0000000706400000| Complete 
|  51|0x0000000706600000, 0x0000000706800000, 0x0000000706800000|100%| E|CS|TAMS 0x0000000706600000, 0x0000000706600000| Complete 
|  52|0x0000000706800000, 0x0000000706a00000, 0x0000000706a00000|100%| E|CS|TAMS 0x0000000706800000, 0x0000000706800000| Complete 
|  53|0x0000000706a00000, 0x0000000706c00000, 0x0000000706c00000|100%| E|CS|TAMS 0x0000000706a00000, 0x0000000706a00000| Complete 
|  63|0x0000000707e00000, 0x0000000708000000, 0x0000000708000000|100%| E|CS|TAMS 0x0000000707e00000, 0x0000000707e00000| Complete 

Card table byte_map: [0x00000292dd090000,0x00000292dd890000] _byte_map_base: 0x00000292d9890000

Marking Bits (Prev, Next): (CMBitMap*) 0x00000292ca0fa8e0, (CMBitMap*) 0x00000292ca0fa920
 Prev Bits: [0x00000292de090000, 0x00000292e2090000)
 Next Bits: [0x00000292e2090000, 0x00000292e6090000)

Polling page: 0x00000292c9840000

Metaspace:

Usage:
  Non-class:     57.10 MB used.
      Class:      9.05 MB used.
       Both:     66.16 MB used.

Virtual space:
  Non-class space:       64.00 MB reserved,      57.50 MB ( 90%) committed,  1 nodes.
      Class space:        1.00 GB reserved,       9.31 MB ( <1%) committed,  1 nodes.
             Both:        1.06 GB reserved,      66.81 MB (  6%) committed. 

Chunk freelists:
   Non-Class:  5.67 MB
       Class:  6.69 MB
        Both:  12.36 MB

MaxMetaspaceSize: unlimited
CompressedClassSpaceSize: 1.00 GB
Initial GC threshold: 21.00 MB
Current GC threshold: 107.12 MB
CDS: off
MetaspaceReclaimPolicy: balanced
 - commit_granule_bytes: 65536.
 - commit_granule_words: 8192.
 - virtual_space_node_default_size: 8388608.
 - enlarge_chunks_in_place: 1.
 - new_chunks_are_fully_committed: 0.
 - uncommit_free_chunks: 1.
 - use_allocation_guard: 0.
 - handle_deallocations: 1.


Internal statistics:

num_allocs_failed_limit: 9.
num_arena_births: 752.
num_arena_deaths: 0.
num_vsnodes_births: 2.
num_vsnodes_deaths: 0.
num_space_committed: 1069.
num_space_uncommitted: 0.
num_chunks_returned_to_freelist: 9.
num_chunks_taken_from_freelist: 3114.
num_chunk_merges: 6.
num_chunk_splits: 2036.
num_chunks_enlarged: 1369.
num_inconsistent_stats: 0.

CodeHeap 'non-profiled nmethods': size=120000Kb used=4088Kb max_used=4088Kb free=115912Kb
 bounds [0x00000292d5030000, 0x00000292d5430000, 0x00000292dc560000]
CodeHeap 'profiled nmethods': size=120000Kb used=13750Kb max_used=13750Kb free=106249Kb
 bounds [0x00000292cd560000, 0x00000292ce2d0000, 0x00000292d4a90000]
CodeHeap 'non-nmethods': size=5760Kb used=2349Kb max_used=2407Kb free=3410Kb
 bounds [0x00000292d4a90000, 0x00000292d4d00000, 0x00000292d5030000]
 total_blobs=7917 nmethods=7041 adapters=788
 compilation: enabled
              stopped_count=0, restarted_count=0
 full_count=0

Compilation events (20 events):
Event: 32.040 Thread 0x00000292ed08db70 nmethod 7799 0x00000292ce2bf690 code [0x00000292ce2bf940, 0x00000292ce2c04d8]
Event: 32.043 Thread 0x00000292ed08db70 7803       3       java.lang.CharacterDataLatin1::isWhitespace (23 bytes)
Event: 32.043 Thread 0x00000292eeacc120 7806       4       java.lang.Character::isWhitespace (5 bytes)
Event: 32.044 Thread 0x00000292ed08db70 nmethod 7803 0x00000292ce2c0910 code [0x00000292ce2c0ac0, 0x00000292ce2c0cb8]
Event: 32.044 Thread 0x00000292ed08db70 7804       1       kotlin.ranges.IntProgressionIterator::hasNext (5 bytes)
Event: 32.044 Thread 0x00000292ed08db70 nmethod 7804 0x00000292d5429790 code [0x00000292d5429920, 0x00000292d54299f8]
Event: 32.044 Thread 0x00000292ed08db70 7805       3       kotlin.text.CharsKt__CharJVMKt::isWhitespace (20 bytes)
Event: 32.044 Thread 0x00000292ed08db70 nmethod 7805 0x00000292ce2c0e10 code [0x00000292ce2c1020, 0x00000292ce2c15d8]
Event: 32.045 Thread 0x00000292eeacc120 nmethod 7806 0x00000292d5429a90 code [0x00000292d5429c20, 0x00000292d5429d18]
Event: 32.052 Thread 0x00000292ed08db70 7807       1       com.android.build.gradle.options.Stage::getStatus (5 bytes)
Event: 32.052 Thread 0x00000292ed08db70 nmethod 7807 0x00000292d5429e10 code [0x00000292d5429fa0, 0x00000292d542a078]
Event: 32.052 Thread 0x00000292ed08db70 7808       3       java.lang.AbstractStringBuilder::append (45 bytes)
Event: 32.053 Thread 0x00000292ed08db70 nmethod 7808 0x00000292ce2c1810 code [0x00000292ce2c19e0, 0x00000292ce2c1d28]
Event: 32.053 Thread 0x00000292ed08db70 7809       3       com.google.common.collect.CollectPreconditions::checkEntryNotNull (100 bytes)
Event: 32.054 Thread 0x00000292ed08db70 nmethod 7809 0x00000292ce2c1e90 code [0x00000292ce2c21a0, 0x00000292ce2c2ee8]
Event: 32.055 Thread 0x00000292ed08db70 7810       3       java.lang.AbstractStringBuilder::putStringAt (12 bytes)
Event: 32.055 Thread 0x00000292ed08db70 nmethod 7810 0x00000292ce2c3410 code [0x00000292ce2c35c0, 0x00000292ce2c3808]
Event: 32.057 Thread 0x00000292ed08db70 7811   !   3       java.util.concurrent.ConcurrentHashMap::putVal (432 bytes)
Event: 32.059 Thread 0x00000292ed08db70 nmethod 7811 0x00000292ce2c3990 code [0x00000292ce2c3d00, 0x00000292ce2c5908]
Event: 32.069 Thread 0x00000292f27dabe0 nmethod 7785 0x00000292d542a110 code [0x00000292d542a3e0, 0x00000292d542c420]

GC Heap History (20 events):
Event: 20.104 GC heap before
{Heap before GC invocations=13 (full 0):
 garbage-first heap   total 96256K, used 73353K [0x0000000700000000, 0x0000000800000000)
  region size 2048K, 22 young (45056K), 2 survivors (4096K)
 Metaspace       used 52708K, committed 53184K, reserved 1114112K
  class space    used 7095K, committed 7296K, reserved 1048576K
}
Event: 20.115 GC heap after
{Heap after GC invocations=14 (full 0):
 garbage-first heap   total 96256K, used 34960K [0x0000000700000000, 0x0000000800000000)
  region size 2048K, 3 young (6144K), 3 survivors (6144K)
 Metaspace       used 52708K, committed 53184K, reserved 1114112K
  class space    used 7095K, committed 7296K, reserved 1048576K
}
Event: 22.505 GC heap before
{Heap before GC invocations=14 (full 0):
 garbage-first heap   total 96256K, used 73872K [0x0000000700000000, 0x0000000800000000)
  region size 2048K, 22 young (45056K), 3 survivors (6144K)
 Metaspace       used 57358K, committed 57856K, reserved 1114112K
  class space    used 7729K, committed 7936K, reserved 1048576K
}
Event: 22.516 GC heap after
{Heap after GC invocations=15 (full 0):
 garbage-first heap   total 96256K, used 37092K [0x0000000700000000, 0x0000000800000000)
  region size 2048K, 3 young (6144K), 3 survivors (6144K)
 Metaspace       used 57358K, committed 57856K, reserved 1114112K
  class space    used 7729K, committed 7936K, reserved 1048576K
}
Event: 25.184 GC heap before
{Heap before GC invocations=15 (full 0):
 garbage-first heap   total 96256K, used 53476K [0x0000000700000000, 0x0000000800000000)
  region size 2048K, 12 young (24576K), 3 survivors (6144K)
 Metaspace       used 59654K, committed 60160K, reserved 1114112K
  class space    used 8070K, committed 8320K, reserved 1048576K
}
Event: 25.193 GC heap after
{Heap after GC invocations=16 (full 0):
 garbage-first heap   total 96256K, used 38079K [0x0000000700000000, 0x0000000800000000)
  region size 2048K, 2 young (4096K), 2 survivors (4096K)
 Metaspace       used 59654K, committed 60160K, reserved 1114112K
  class space    used 8070K, committed 8320K, reserved 1048576K
}
Event: 27.353 GC heap before
{Heap before GC invocations=17 (full 0):
 garbage-first heap   total 96256K, used 72895K [0x0000000700000000, 0x0000000800000000)
  region size 2048K, 20 young (40960K), 2 survivors (4096K)
 Metaspace       used 63050K, committed 63616K, reserved 1114112K
  class space    used 8693K, committed 8960K, reserved 1048576K
}
Event: 27.362 GC heap after
{Heap after GC invocations=18 (full 0):
 garbage-first heap   total 96256K, used 41685K [0x0000000700000000, 0x0000000800000000)
  region size 2048K, 3 young (6144K), 3 survivors (6144K)
 Metaspace       used 63050K, committed 63616K, reserved 1114112K
  class space    used 8693K, committed 8960K, reserved 1048576K
}
Event: 30.235 GC heap before
{Heap before GC invocations=18 (full 0):
 garbage-first heap   total 96256K, used 76501K [0x0000000700000000, 0x0000000800000000)
  region size 2048K, 20 young (40960K), 3 survivors (6144K)
 Metaspace       used 63988K, committed 64512K, reserved 1114112K
  class space    used 8783K, committed 9024K, reserved 1048576K
}
Event: 30.247 GC heap after
{Heap after GC invocations=19 (full 0):
 garbage-first heap   total 96256K, used 49913K [0x0000000700000000, 0x0000000800000000)
  region size 2048K, 3 young (6144K), 3 survivors (6144K)
 Metaspace       used 63988K, committed 64512K, reserved 1114112K
  class space    used 8783K, committed 9024K, reserved 1048576K
}
Event: 30.291 GC heap before
{Heap before GC invocations=19 (full 0):
 garbage-first heap   total 96256K, used 49913K [0x0000000700000000, 0x0000000800000000)
  region size 2048K, 4 young (8192K), 3 survivors (6144K)
 Metaspace       used 63998K, committed 64512K, reserved 1114112K
  class space    used 8783K, committed 9024K, reserved 1048576K
}
Event: 30.298 GC heap after
{Heap after GC invocations=20 (full 0):
 garbage-first heap   total 96256K, used 51642K [0x0000000700000000, 0x0000000800000000)
  region size 2048K, 1 young (2048K), 1 survivors (2048K)
 Metaspace       used 63998K, committed 64512K, reserved 1114112K
  class space    used 8783K, committed 9024K, reserved 1048576K
}
Event: 30.454 GC heap before
{Heap before GC invocations=21 (full 0):
 garbage-first heap   total 100352K, used 59834K [0x0000000700000000, 0x0000000800000000)
  region size 2048K, 4 young (8192K), 1 survivors (2048K)
 Metaspace       used 63998K, committed 64512K, reserved 1114112K
  class space    used 8783K, committed 9024K, reserved 1048576K
}
Event: 30.458 GC heap after
{Heap after GC invocations=22 (full 0):
 garbage-first heap   total 100352K, used 57859K [0x0000000700000000, 0x0000000800000000)
  region size 2048K, 2 young (4096K), 2 survivors (4096K)
 Metaspace       used 63998K, committed 64512K, reserved 1114112K
  class space    used 8783K, committed 9024K, reserved 1048576K
}
Event: 30.930 GC heap before
{Heap before GC invocations=23 (full 0):
 garbage-first heap   total 106496K, used 74243K [0x0000000700000000, 0x0000000800000000)
  region size 2048K, 9 young (18432K), 2 survivors (4096K)
 Metaspace       used 64609K, committed 65216K, reserved 1114112K
  class space    used 8865K, committed 9152K, reserved 1048576K
}
Event: 30.938 GC heap after
{Heap after GC invocations=24 (full 0):
 garbage-first heap   total 106496K, used 63371K [0x0000000700000000, 0x0000000800000000)
  region size 2048K, 2 young (4096K), 2 survivors (4096K)
 Metaspace       used 64609K, committed 65216K, reserved 1114112K
  class space    used 8865K, committed 9152K, reserved 1048576K
}
Event: 31.379 GC heap before
{Heap before GC invocations=24 (full 0):
 garbage-first heap   total 106496K, used 77707K [0x0000000700000000, 0x0000000800000000)
  region size 2048K, 9 young (18432K), 2 survivors (4096K)
 Metaspace       used 64984K, committed 65600K, reserved 1114112K
  class space    used 8898K, committed 9152K, reserved 1048576K
}
Event: 31.386 GC heap after
{Heap after GC invocations=25 (full 0):
 garbage-first heap   total 106496K, used 64994K [0x0000000700000000, 0x0000000800000000)
  region size 2048K, 1 young (2048K), 1 survivors (2048K)
 Metaspace       used 64984K, committed 65600K, reserved 1114112K
  class space    used 8898K, committed 9152K, reserved 1048576K
}
Event: 31.863 GC heap before
{Heap before GC invocations=26 (full 0):
 garbage-first heap   total 112640K, used 79330K [0x0000000700000000, 0x0000000800000000)
  region size 2048K, 8 young (16384K), 1 survivors (2048K)
 Metaspace       used 66641K, committed 67328K, reserved 1114112K
  class space    used 9113K, committed 9408K, reserved 1048576K
}
Event: 31.869 GC heap after
{Heap after GC invocations=27 (full 0):
 garbage-first heap   total 112640K, used 65713K [0x0000000700000000, 0x0000000800000000)
  region size 2048K, 1 young (2048K), 1 survivors (2048K)
 Metaspace       used 66641K, committed 67328K, reserved 1114112K
  class space    used 9113K, committed 9408K, reserved 1048576K
}

Dll operation events (2 events):
Event: 0.025 Loaded shared library C:\Program Files\Android\Android Studio\jbr\bin\java.dll
Event: 0.715 Loaded shared library C:\Program Files\Android\Android Studio\jbr\bin\verify.dll

Deoptimization events (20 events):
Event: 32.036 Thread 0x00000292ee9a3460 Uncommon trap: trap_request=0xffffff45 fr.pc=0x00000292d51fbcec relative=0x000000000000044c
Event: 32.036 Thread 0x00000292ee9a3460 Uncommon trap: reason=unstable_if action=reinterpret pc=0x00000292d51fbcec method=java.lang.String.substring(II)Ljava/lang/String; @ 31 c2
Event: 32.036 Thread 0x00000292ee9a3460 DEOPT PACKING pc=0x00000292d51fbcec sp=0x00000095e44f0020
Event: 32.037 Thread 0x00000292ee9a3460 DEOPT UNPACKING pc=0x00000292d4ae69a3 sp=0x00000095e44eff80 mode 2
Event: 32.037 Thread 0x00000292ee9a3460 Uncommon trap: trap_request=0xffffff45 fr.pc=0x00000292d506926c relative=0x000000000000044c
Event: 32.037 Thread 0x00000292ee9a3460 Uncommon trap: reason=unstable_if action=reinterpret pc=0x00000292d506926c method=java.lang.String.substring(II)Ljava/lang/String; @ 31 c2
Event: 32.037 Thread 0x00000292ee9a3460 DEOPT PACKING pc=0x00000292d506926c sp=0x00000095e44effb0
Event: 32.037 Thread 0x00000292ee9a3460 DEOPT UNPACKING pc=0x00000292d4ae69a3 sp=0x00000095e44eff80 mode 2
Event: 32.040 Thread 0x00000292ee9a3460 Uncommon trap: trap_request=0xffffff45 fr.pc=0x00000292d54187c8 relative=0x0000000000001628
Event: 32.040 Thread 0x00000292ee9a3460 Uncommon trap: reason=unstable_if action=reinterpret pc=0x00000292d54187c8 method=java.util.concurrent.ConcurrentHashMap.putVal(Ljava/lang/Object;Ljava/lang/Object;Z)Ljava/lang/Object; @ 245 c2
Event: 32.040 Thread 0x00000292ee9a3460 DEOPT PACKING pc=0x00000292d54187c8 sp=0x00000095e44ef7e0
Event: 32.040 Thread 0x00000292ee9a3460 DEOPT UNPACKING pc=0x00000292d4ae69a3 sp=0x00000095e44ef768 mode 2
Event: 32.043 Thread 0x00000292ee9a3460 Uncommon trap: trap_request=0xffffff45 fr.pc=0x00000292d50f6b84 relative=0x0000000000000084
Event: 32.043 Thread 0x00000292ee9a3460 Uncommon trap: reason=unstable_if action=reinterpret pc=0x00000292d50f6b84 method=java.lang.CharacterDataLatin1.isWhitespace(I)Z @ 14 c2
Event: 32.043 Thread 0x00000292ee9a3460 DEOPT PACKING pc=0x00000292d50f6b84 sp=0x00000095e44f0270
Event: 32.043 Thread 0x00000292ee9a3460 DEOPT UNPACKING pc=0x00000292d4ae69a3 sp=0x00000095e44f01e0 mode 2
Event: 32.047 Thread 0x00000292ee9a3460 Uncommon trap: trap_request=0xffffff45 fr.pc=0x00000292d51031dc relative=0x000000000000043c
Event: 32.047 Thread 0x00000292ee9a3460 Uncommon trap: reason=unstable_if action=reinterpret pc=0x00000292d51031dc method=java.lang.String.substring(II)Ljava/lang/String; @ 31 c2
Event: 32.047 Thread 0x00000292ee9a3460 DEOPT PACKING pc=0x00000292d51031dc sp=0x00000095e44f02e0
Event: 32.047 Thread 0x00000292ee9a3460 DEOPT UNPACKING pc=0x00000292d4ae69a3 sp=0x00000095e44f0240 mode 2

Classes unloaded (0 events):
No events

Classes redefined (0 events):
No events

Internal exceptions (20 events):
Event: 30.917 Thread 0x00000292ee9a3460 Implicit null exception at 0x00000292d5370392 to 0x00000292d53709ec
Event: 30.917 Thread 0x00000292ee9a3460 Implicit null exception at 0x00000292d536ee94 to 0x00000292d536f518
Event: 30.925 Thread 0x00000292ee9a3460 Exception <a 'java/lang/ClassNotFoundException'{0x0000000705bc4088}: org/gradle/api/internal/artifacts/dsl/dependencies/DefaultDependencyHandler_DecoratedBeanInfo> (0x0000000705bc4088) 
thrown [s\src\hotspot\share\classfile\systemDictionary.cpp, line 256]
Event: 30.926 Thread 0x00000292ee9a3460 Exception <a 'java/lang/ClassNotFoundException'{0x0000000705bdb850}: org/gradle/api/internal/artifacts/dsl/dependencies/DefaultDependencyHandlerBeanInfo> (0x0000000705bdb850) 
thrown [s\src\hotspot\share\classfile\systemDictionary.cpp, line 256]
Event: 30.928 Thread 0x00000292ee9a3460 Exception <a 'java/lang/ClassNotFoundException'{0x0000000705bf2d50}: org/gradle/api/internal/artifacts/dsl/dependencies/DefaultDependencyHandlerCustomizer> (0x0000000705bf2d50) 
thrown [s\src\hotspot\share\classfile\systemDictionary.cpp, line 256]
Event: 30.942 Thread 0x00000292ee9a3460 Exception <a 'java/lang/ClassNotFoundException'{0x0000000707e33b60}: org/gradle/api/internal/artifacts/dsl/dependencies/DefaultDependencyHandler_DecoratedCustomizer> (0x0000000707e33b60) 
thrown [s\src\hotspot\share\classfile\systemDictionary.cpp, line 256]
Event: 31.128 Thread 0x00000292ee9a3460 Exception <a 'java/lang/ClassNotFoundException'{0x000000070606e388}: build_7ep81jtyq4grmksiealr8mh3iBeanInfo> (0x000000070606e388) 
thrown [s\src\hotspot\share\classfile\systemDictionary.cpp, line 256]
Event: 31.129 Thread 0x00000292ee9a3460 Exception <a 'java/lang/ClassNotFoundException'{0x0000000706074b78}: build_7ep81jtyq4grmksiealr8mh3iCustomizer> (0x0000000706074b78) 
thrown [s\src\hotspot\share\classfile\systemDictionary.cpp, line 256]
Event: 31.215 Thread 0x00000292ee9a3460 Exception <a 'java/lang/ClassNotFoundException'{0x0000000705cb11b8}: org/gradle/api/internal/artifacts/repositories/DefaultMavenArtifactRepository_DecoratedBeanInfo> (0x0000000705cb11b8) 
thrown [s\src\hotspot\share\classfile\systemDictionary.cpp, line 256]
Event: 31.218 Thread 0x00000292ee9a3460 Exception <a 'java/lang/ClassNotFoundException'{0x0000000705cd1578}: org/gradle/api/internal/artifacts/repositories/DefaultMavenArtifactRepositoryBeanInfo> (0x0000000705cd1578) 
thrown [s\src\hotspot\share\classfile\systemDictionary.cpp, line 256]
Event: 31.220 Thread 0x00000292ee9a3460 Exception <a 'java/lang/ClassNotFoundException'{0x0000000705cf1b10}: org/gradle/api/internal/artifacts/repositories/AbstractAuthenticationSupportedRepositoryBeanInfo> (0x0000000705cf1b10) 
thrown [s\src\hotspot\share\classfile\systemDictionary.cpp, line 256]
Event: 31.221 Thread 0x00000292ee9a3460 Exception <a 'java/lang/ClassNotFoundException'{0x0000000705d12300}: org/gradle/api/internal/artifacts/repositories/AbstractResolutionAwareArtifactRepositoryBeanInfo> (0x0000000705d12300) 
thrown [s\src\hotspot\share\classfile\systemDictionary.cpp, line 256]
Event: 31.222 Thread 0x00000292ee9a3460 Exception <a 'java/lang/ClassNotFoundException'{0x0000000705d32678}: org/gradle/api/internal/artifacts/repositories/AbstractArtifactRepositoryBeanInfo> (0x0000000705d32678) 
thrown [s\src\hotspot\share\classfile\systemDictionary.cpp, line 256]
Event: 31.223 Thread 0x00000292ee9a3460 Exception <a 'java/lang/ClassNotFoundException'{0x0000000705d52a90}: org/gradle/api/internal/artifacts/repositories/AbstractArtifactRepositoryCustomizer> (0x0000000705d52a90) 
thrown [s\src\hotspot\share\classfile\systemDictionary.cpp, line 256]
Event: 31.226 Thread 0x00000292ee9a3460 Exception <a 'java/lang/ClassNotFoundException'{0x0000000705d8f8e8}: org/gradle/api/internal/artifacts/repositories/AbstractResolutionAwareArtifactRepositoryCustomizer> (0x0000000705d8f8e8) 
thrown [s\src\hotspot\share\classfile\systemDictionary.cpp, line 256]
Event: 31.229 Thread 0x00000292ee9a3460 Exception <a 'java/lang/ClassNotFoundException'{0x0000000705db95f8}: org/gradle/api/internal/artifacts/repositories/AbstractAuthenticationSupportedRepositoryCustomizer> (0x0000000705db95f8) 
thrown [s\src\hotspot\share\classfile\systemDictionary.cpp, line 256]
Event: 31.233 Thread 0x00000292ee9a3460 Exception <a 'java/lang/ClassNotFoundException'{0x0000000705deb938}: org/gradle/api/internal/artifacts/repositories/DefaultMavenArtifactRepositoryCustomizer> (0x0000000705deb938) 
thrown [s\src\hotspot\share\classfile\systemDictionary.cpp, line 256]
Event: 31.236 Thread 0x00000292ee9a3460 Exception <a 'java/lang/ClassNotFoundException'{0x0000000705a24770}: org/gradle/api/internal/artifacts/repositories/DefaultMavenArtifactRepository_DecoratedCustomizer> (0x0000000705a24770) 
thrown [s\src\hotspot\share\classfile\systemDictionary.cpp, line 256]
Event: 31.407 Thread 0x00000292ee9a3460 Exception <a 'java/lang/ClassNotFoundException'{0x0000000707e748f8}: build_exfbgwd9bki2fevl049l71pt2BeanInfo> (0x0000000707e748f8) 
thrown [s\src\hotspot\share\classfile\systemDictionary.cpp, line 256]
Event: 31.408 Thread 0x00000292ee9a3460 Exception <a 'java/lang/ClassNotFoundException'{0x0000000707e818b8}: build_exfbgwd9bki2fevl049l71pt2Customizer> (0x0000000707e818b8) 
thrown [s\src\hotspot\share\classfile\systemDictionary.cpp, line 256]

VM Operations (20 events):
Event: 30.537 Executing VM operation: G1PauseCleanup
Event: 30.538 Executing VM operation: G1PauseCleanup done
Event: 30.658 Executing VM operation: HandshakeAllThreads
Event: 30.658 Executing VM operation: HandshakeAllThreads done
Event: 30.929 Executing VM operation: G1CollectForAllocation
Event: 30.938 Executing VM operation: G1CollectForAllocation done
Event: 31.317 Executing VM operation: HandshakeAllThreads
Event: 31.318 Executing VM operation: HandshakeAllThreads done
Event: 31.350 Executing VM operation: ICBufferFull
Event: 31.351 Executing VM operation: ICBufferFull done
Event: 31.378 Executing VM operation: G1CollectForAllocation
Event: 31.387 Executing VM operation: G1CollectForAllocation done
Event: 31.475 Executing VM operation: G1PauseRemark
Event: 31.480 Executing VM operation: G1PauseRemark done
Event: 31.512 Executing VM operation: G1PauseCleanup
Event: 31.513 Executing VM operation: G1PauseCleanup done
Event: 31.863 Executing VM operation: G1CollectForAllocation
Event: 31.869 Executing VM operation: G1CollectForAllocation done
Event: 31.893 Executing VM operation: HandshakeAllThreads
Event: 31.893 Executing VM operation: HandshakeAllThreads done

Events (20 events):
Event: 30.734 loading class java/lang/StringBeanInfo done
Event: 30.734 loading class java/lang/StringBeanInfo
Event: 30.734 loading class java/lang/StringBeanInfo done
Event: 30.734 loading class java/lang/StringCustomizer
Event: 30.734 loading class java/lang/StringCustomizer done
Event: 30.735 loading class java/lang/StringCustomizer
Event: 30.735 loading class java/lang/StringCustomizer done
Event: 30.949 Thread 0x00000292f23abeb0 Thread added: 0x00000292f23abeb0
Event: 31.040 Thread 0x00000292eeacc120 Thread added: 0x00000292eeacc120
Event: 31.336 Thread 0x00000292ed08f880 flushing nmethod 0x00000292cdb86490
Event: 31.884 loading class sun/reflect/ReflectionFactory
Event: 31.884 loading class sun/reflect/ReflectionFactory done
Event: 31.884 loading class sun/reflect/ReflectionFactory$1
Event: 31.884 loading class sun/reflect/ReflectionFactory$1 done
Event: 31.886 loading class jdk/internal/reflect/SerializationConstructorAccessorImpl
Event: 31.886 loading class jdk/internal/reflect/SerializationConstructorAccessorImpl done
Event: 32.077 loading class java/nio/channels/Channels
Event: 32.078 loading class java/nio/channels/Channels done
Event: 32.078 loading class sun/nio/ch/ChannelInputStream
Event: 32.079 loading class sun/nio/ch/ChannelInputStream done


Dynamic libraries:
0x00007ff69e030000 - 0x00007ff69e03a000 	C:\Program Files\Android\Android Studio\jbr\bin\java.exe
0x00007ff8d7fd0000 - 0x00007ff8d81e7000 	C:\Windows\SYSTEM32\ntdll.dll
0x00007ff8d79d0000 - 0x00007ff8d7a94000 	C:\Windows\System32\KERNEL32.DLL
0x00007ff8d5540000 - 0x00007ff8d58f9000 	C:\Windows\System32\KERNELBASE.dll
0x00007ff8d5970000 - 0x00007ff8d5a81000 	C:\Windows\System32\ucrtbase.dll
0x00007ff8b7840000 - 0x00007ff8b785b000 	C:\Program Files\Android\Android Studio\jbr\bin\VCRUNTIME140.dll
0x00007ff8c2b20000 - 0x00007ff8c2b37000 	C:\Program Files\Android\Android Studio\jbr\bin\jli.dll
0x00007ff8d7bd0000 - 0x00007ff8d7d7e000 	C:\Windows\System32\USER32.dll
0x00007ff8c7fd0000 - 0x00007ff8c8262000 	C:\Windows\WinSxS\amd64_microsoft.windows.common-controls_6595b64144ccf1df_6.0.22621.4391_none_2715d37f73803e96\COMCTL32.dll
0x00007ff8d5510000 - 0x00007ff8d5536000 	C:\Windows\System32\win32u.dll
0x00007ff8d7aa0000 - 0x00007ff8d7b47000 	C:\Windows\System32\msvcrt.dll
0x00007ff8d7ee0000 - 0x00007ff8d7f09000 	C:\Windows\System32\GDI32.dll
0x00007ff8d5370000 - 0x00007ff8d548b000 	C:\Windows\System32\gdi32full.dll
0x00007ff8d52d0000 - 0x00007ff8d536a000 	C:\Windows\System32\msvcp_win.dll
0x00007ff8d6090000 - 0x00007ff8d60c1000 	C:\Windows\System32\IMM32.DLL
0x00007ff8c5f60000 - 0x00007ff8c5f6c000 	C:\Program Files\Android\Android Studio\jbr\bin\vcruntime140_1.dll
0x00007ff894710000 - 0x00007ff89479d000 	C:\Program Files\Android\Android Studio\jbr\bin\msvcp140.dll
0x00007ff861b60000 - 0x00007ff8627e3000 	C:\Program Files\Android\Android Studio\jbr\bin\server\jvm.dll
0x00007ff8d6fc0000 - 0x00007ff8d7072000 	C:\Windows\System32\ADVAPI32.dll
0x00007ff8d62a0000 - 0x00007ff8d6347000 	C:\Windows\System32\sechost.dll
0x00007ff8d5b50000 - 0x00007ff8d5b78000 	C:\Windows\System32\bcrypt.dll
0x00007ff8d6ea0000 - 0x00007ff8d6fb4000 	C:\Windows\System32\RPCRT4.dll
0x00007ff8d4160000 - 0x00007ff8d41ad000 	C:\Windows\SYSTEM32\POWRPROF.dll
0x00007ff8c6900000 - 0x00007ff8c6909000 	C:\Windows\SYSTEM32\WSOCK32.dll
0x00007ff8cff40000 - 0x00007ff8cff4a000 	C:\Windows\SYSTEM32\VERSION.dll
0x00007ff8d7f10000 - 0x00007ff8d7f81000 	C:\Windows\System32\WS2_32.dll
0x00007ff8cc3d0000 - 0x00007ff8cc404000 	C:\Windows\SYSTEM32\WINMM.dll
0x00007ff8d4140000 - 0x00007ff8d4153000 	C:\Windows\SYSTEM32\UMPDC.dll
0x00007ff8d4400000 - 0x00007ff8d4418000 	C:\Windows\SYSTEM32\kernel.appcore.dll
0x00007ff8d1bd0000 - 0x00007ff8d1bda000 	C:\Program Files\Android\Android Studio\jbr\bin\jimage.dll
0x00007ff8cb890000 - 0x00007ff8cbac2000 	C:\Windows\SYSTEM32\DBGHELP.DLL
0x00007ff8d7640000 - 0x00007ff8d79cf000 	C:\Windows\System32\combase.dll
0x00007ff8d7510000 - 0x00007ff8d75e7000 	C:\Windows\System32\OLEAUT32.dll
0x00007ff8c1b20000 - 0x00007ff8c1b52000 	C:\Windows\SYSTEM32\dbgcore.DLL
0x00007ff8d5490000 - 0x00007ff8d550b000 	C:\Windows\System32\bcryptPrimitives.dll
0x00007ff8d1a70000 - 0x00007ff8d1a95000 	C:\Program Files\Android\Android Studio\jbr\bin\java.dll
0x00007ff8c85e0000 - 0x00007ff8c85f8000 	C:\Program Files\Android\Android Studio\jbr\bin\zip.dll
0x00007ff8d6350000 - 0x00007ff8d6bc6000 	C:\Windows\System32\SHELL32.dll
0x00007ff8d3220000 - 0x00007ff8d3b23000 	C:\Windows\SYSTEM32\windows.storage.dll
0x00007ff8d30e0000 - 0x00007ff8d321f000 	C:\Windows\SYSTEM32\wintypes.dll
0x00007ff8d5ec0000 - 0x00007ff8d5fb9000 	C:\Windows\System32\SHCORE.dll
0x00007ff8d6e40000 - 0x00007ff8d6e9e000 	C:\Windows\System32\shlwapi.dll
0x00007ff8d5200000 - 0x00007ff8d522b000 	C:\Windows\SYSTEM32\profapi.dll
0x00007ff8c85c0000 - 0x00007ff8c85d9000 	C:\Program Files\Android\Android Studio\jbr\bin\net.dll
0x00007ff8d1f00000 - 0x00007ff8d2036000 	C:\Windows\SYSTEM32\WINHTTP.dll
0x00007ff8d4880000 - 0x00007ff8d48e9000 	C:\Windows\system32\mswsock.dll
0x00007ff8c85a0000 - 0x00007ff8c85b6000 	C:\Program Files\Android\Android Studio\jbr\bin\nio.dll
0x00007ff8cf770000 - 0x00007ff8cf780000 	C:\Program Files\Android\Android Studio\jbr\bin\verify.dll
0x00007ff8b3100000 - 0x00007ff8b3127000 	C:\Users\monde\.gradle\native\e1d6ef7f7dcc3fd88c89a11ec53ec762bb8ba0a96d01ffa2cd45eb1d1d8dd5c5\windows-amd64\native-platform.dll
0x00007ff892880000 - 0x00007ff8929c4000 	C:\Users\monde\.gradle\native\0d407fdbe67a94daf76414ababcb853783967236a71b16ec16e742cd7a986fd3\windows-amd64\native-platform-file-events.dll
0x00007ff8c8540000 - 0x00007ff8c8549000 	C:\Program Files\Android\Android Studio\jbr\bin\management.dll
0x00007ff8c7fb0000 - 0x00007ff8c7fbb000 	C:\Program Files\Android\Android Studio\jbr\bin\management_ext.dll
0x00007ff8d60d0000 - 0x00007ff8d60d8000 	C:\Windows\System32\PSAPI.DLL
0x00007ff8d4ad0000 - 0x00007ff8d4aeb000 	C:\Windows\SYSTEM32\CRYPTSP.dll
0x00007ff8d4360000 - 0x00007ff8d4395000 	C:\Windows\system32\rsaenh.dll
0x00007ff8d4970000 - 0x00007ff8d4998000 	C:\Windows\SYSTEM32\USERENV.dll
0x00007ff8d4af0000 - 0x00007ff8d4afc000 	C:\Windows\SYSTEM32\CRYPTBASE.dll
0x00007ff8d3e00000 - 0x00007ff8d3e2d000 	C:\Windows\SYSTEM32\IPHLPAPI.DLL
0x00007ff8d7080000 - 0x00007ff8d7089000 	C:\Windows\System32\NSI.dll
0x00007ff8d1ee0000 - 0x00007ff8d1ef9000 	C:\Windows\SYSTEM32\dhcpcsvc6.DLL
0x00007ff8d1eb0000 - 0x00007ff8d1ecf000 	C:\Windows\SYSTEM32\dhcpcsvc.DLL
0x00007ff8d3e70000 - 0x00007ff8d3f72000 	C:\Windows\SYSTEM32\DNSAPI.dll
0x00007ff8c8550000 - 0x00007ff8c8559000 	C:\Program Files\Android\Android Studio\jbr\bin\extnet.dll
0x00007ff8672d0000 - 0x00007ff8672d8000 	C:\Windows\system32\wshunix.dll

dbghelp: loaded successfully - version: 4.0.5 - missing functions: none
symbol engine: initialized successfully - sym options: 0x614 - pdb path: .;C:\Program Files\Android\Android Studio\jbr\bin;C:\Windows\SYSTEM32;C:\Windows\WinSxS\amd64_microsoft.windows.common-controls_6595b64144ccf1df_6.0.22621.4391_none_2715d37f73803e96;C:\Program Files\Android\Android Studio\jbr\bin\server;C:\Users\monde\.gradle\native\e1d6ef7f7dcc3fd88c89a11ec53ec762bb8ba0a96d01ffa2cd45eb1d1d8dd5c5\windows-amd64;C:\Users\monde\.gradle\native\0d407fdbe67a94daf76414ababcb853783967236a71b16ec16e742cd7a986fd3\windows-amd64

VM Arguments:
jvm_args: --add-opens=java.base/java.util=ALL-UNNAMED --add-opens=java.base/java.lang=ALL-UNNAMED --add-opens=java.base/java.lang.invoke=ALL-UNNAMED --add-opens=java.base/java.util=ALL-UNNAMED --add-opens=java.prefs/java.util.prefs=ALL-UNNAMED --add-opens=java.prefs/java.util.prefs=ALL-UNNAMED --add-opens=java.base/java.nio.charset=ALL-UNNAMED --add-opens=java.base/java.net=ALL-UNNAMED --add-opens=java.base/java.util.concurrent.atomic=ALL-UNNAMED -Xmx4G -Dfile.encoding=windows-1252 -Duser.country=FR -Duser.language=fr -Duser.variant 
java_command: org.gradle.launcher.daemon.bootstrap.GradleDaemon 7.5
java_class_path (initial): C:\Users\monde\.gradle\wrapper\dists\gradle-7.5-all\6qsw290k5lz422uaf8jf6m7co\gradle-7.5\lib\gradle-launcher-7.5.jar
Launcher Type: SUN_STANDARD

[Global flags]
     intx CICompilerCount                          = 4                                         {product} {ergonomic}
     uint ConcGCThreads                            = 2                                         {product} {ergonomic}
     uint G1ConcRefinementThreads                  = 8                                         {product} {ergonomic}
   size_t G1HeapRegionSize                         = 2097152                                   {product} {ergonomic}
    uintx GCDrainStackTargetSize                   = 64                                        {product} {ergonomic}
   size_t InitialHeapSize                          = 134217728                                 {product} {ergonomic}
   size_t MarkStackSize                            = 4194304                                   {product} {ergonomic}
   size_t MaxHeapSize                              = 4294967296                                {product} {command line}
   size_t MaxNewSize                               = 2575302656                                {product} {ergonomic}
   size_t MinHeapDeltaBytes                        = 2097152                                   {product} {ergonomic}
   size_t MinHeapSize                              = 8388608                                   {product} {ergonomic}
    uintx NonNMethodCodeHeapSize                   = 5839372                                {pd product} {ergonomic}
    uintx NonProfiledCodeHeapSize                  = 122909434                              {pd product} {ergonomic}
    uintx ProfiledCodeHeapSize                     = 122909434                              {pd product} {ergonomic}
    uintx ReservedCodeCacheSize                    = 251658240                              {pd product} {ergonomic}
     bool SegmentedCodeCache                       = true                                      {product} {ergonomic}
   size_t SoftMaxHeapSize                          = 4294967296                             {manageable} {ergonomic}
     bool UseCompressedClassPointers               = true                           {product lp64_product} {ergonomic}
     bool UseCompressedOops                        = true                           {product lp64_product} {ergonomic}
     bool UseG1GC                                  = true                                      {product} {ergonomic}
     bool UseLargePagesIndividualAllocation        = false                                  {pd product} {ergonomic}

Logging:
Log output configuration:
 #0: stdout all=warning uptime,level,tags
 #1: stderr all=off uptime,level,tags

Environment Variables:
JAVA_HOME=C:\Program Files\Android\Android Studio\jbr
CLASSPATH=C:\Users\monde\Desktop\BEEZINESS\android\\gradle\wrapper\gradle-wrapper.jar
PATH=C:\Program Files\Android\Android Studio\jbr\bin;C:\Windows\system32;C:\Windows;C:\Windows\System32\Wbem;C:\Windows\System32\WindowsPowerShell\v1.0\;C:\Windows\System32\OpenSSH\;C:\Program Files\nodejs\;C:\Program Files\Git\cmd;C:\Users\monde\AppData\Local\Microsoft\WindowsApps;C:\dart-sdk\bin;C:\flutter\bin;C:\Program Files (x86)\Java\jre-1.8\bin;C:\Users\monde\AppData\Roaming\npm;C:\Users\monde\AppData\Local\Programs\Microsoft VS Code\bin;C:\php8.3;;C:\flutter\bin\mingit\cmd
USERNAME=monde
OS=Windows_NT
PROCESSOR_IDENTIFIER=Intel64 Family 6 Model 58 Stepping 9, GenuineIntel
TMP=C:\Users\monde\AppData\Local\Temp
TEMP=C:\Users\monde\AppData\Local\Temp



Periodic native trim disabled

JNI global refs:
JNI global refs: 25, weak refs: 0

JNI global refs memory usage: 843, weak refs: 841

OOME stack traces (most recent first):
Classloader memory used:
Loader org.gradle.internal.classloader.VisitableURLClassLoader                         : 4220K
Loader bootstrap                                                                       : 2607K
Loader org.gradle.initialization.MixInLegacyTypesClassLoader                           : 1197K
Loader org.gradle.internal.classloader.VisitableURLClassLoader                         : 306K
Loader jdk.internal.loader.ClassLoaders$PlatformClassLoader                            : 68088B
Loader jdk.internal.reflect.DelegatingClassLoader                                      : 28814B
Loader jdk.internal.loader.ClassLoaders$AppClassLoader                                 : 25682B
Loader org.gradle.groovy.scripts.internal.DefaultScriptCompilationHandler$ScriptClassLoader: 18822B
Loader org.codehaus.groovy.runtime.callsite.CallSiteClassLoader                        : 5721B
Loader sun.reflect.misc.MethodUtil                                                     : 373B

Classes loaded by more than one classloader:
Class Program                                                                         : loaded 3 times (x 70B)
Class com.google.common.collect.Iterators$MergingIterator                             : loaded 2 times (x 79B)
Class [Lcom.google.common.collect.AbstractMapEntry;                                   : loaded 2 times (x 67B)
Class com.google.common.collect.SingletonImmutableList                                : loaded 2 times (x 167B)
Class org.gradle.internal.classpath.ClassPath                                         : loaded 2 times (x 68B)
Class org.gradle.api.internal.classpath.DefaultModuleRegistry                         : loaded 2 times (x 84B)
Class com.google.common.collect.ListMultimap                                          : loaded 2 times (x 68B)
Class com.google.common.base.CharMatcher$JavaDigit                                    : loaded 2 times (x 109B)
Class com.google.common.base.CharMatcher$Digit                                        : loaded 2 times (x 110B)
Class com.google.common.collect.AbstractMultimap                                      : loaded 2 times (x 121B)
Class org.gradle.api.Action                                                           : loaded 2 times (x 68B)
Class com.google.common.collect.ImmutableEntry                                        : loaded 2 times (x 80B)
Class com.google.common.collect.Lists$StringAsImmutableList                           : loaded 2 times (x 167B)
Class com.google.common.base.CharMatcher                                              : loaded 2 times (x 109B)
Class com.google.common.base.CharMatcher$IsNot                                        : loaded 2 times (x 109B)
Class com.google.common.base.Splitter                                                 : loaded 2 times (x 70B)
Class com.google.common.collect.Iterators$ArrayItr                                    : loaded 2 times (x 95B)
Class org.gradle.api.internal.DefaultClassPathProvider                                : loaded 2 times (x 74B)
Class org.gradle.internal.installation.GradleInstallation$1                           : loaded 2 times (x 73B)
Class com.google.common.base.CharMatcher$BitSetMatcher                                : loaded 2 times (x 110B)
Class com.google.common.collect.ImmutableMap$IteratorBasedImmutableMap                : loaded 2 times (x 123B)
Class com.google.common.collect.ImmutableMap                                          : loaded 2 times (x 118B)
Class com.google.common.base.Converter                                                : loaded 2 times (x 88B)
Class com.google.common.base.Predicate                                                : loaded 2 times (x 68B)
Class org.gradle.internal.classloader.FilteringClassLoader                            : loaded 2 times (x 103B)
Class com.google.common.collect.RegularImmutableSet                                   : loaded 2 times (x 146B)
Class org.gradle.internal.classpath.DefaultClassPath$ImmutableUniqueList$Builder      : loaded 2 times (x 73B)
Class com.google.common.collect.Maps$8                                                : loaded 2 times (x 80B)
Class com.google.common.base.CharMatcher$InRange                                      : loaded 2 times (x 109B)
Class com.google.common.collect.BiMap                                                 : loaded 2 times (x 68B)
Class com.google.common.collect.Lists                                                 : loaded 2 times (x 69B)
Class com.google.common.math.IntMath$1                                                : loaded 2 times (x 69B)
Class org.gradle.internal.classloader.ClassLoaderVisitor                              : loaded 2 times (x 74B)
Class com.google.common.math.MathPreconditions                                        : loaded 2 times (x 69B)
Class org.gradle.internal.service.DefaultServiceLocator                               : loaded 2 times (x 81B)
Class org.gradle.internal.service.UnknownServiceException                             : loaded 2 times (x 81B)
Class com.google.common.collect.ArrayListMultimap                                     : loaded 2 times (x 170B)
Class org.gradle.internal.classloader.DefaultClassLoaderFactory                       : loaded 2 times (x 80B)
Class com.google.common.collect.UnmodifiableIterator                                  : loaded 2 times (x 78B)
Class com.google.common.base.CharMatcher$SingleWidth                                  : loaded 2 times (x 110B)
Class com.google.common.collect.Hashing                                               : loaded 2 times (x 69B)
Class com.google.common.base.JdkPattern                                               : loaded 2 times (x 73B)
Class com.google.common.collect.Multimap                                              : loaded 2 times (x 68B)
Class org.gradle.internal.classloader.VisitableURLClassLoader$Spec                    : loaded 2 times (x 72B)
Class org.gradle.api.GradleException                                                  : loaded 2 times (x 80B)
Class com.google.common.base.CharMatcher$JavaLetterOrDigit                            : loaded 2 times (x 109B)
Class org.gradle.api.internal.classpath.ModuleRegistry                                : loaded 2 times (x 68B)
Class com.google.common.collect.ImmutableCollection                                   : loaded 2 times (x 123B)
Class org.gradle.api.internal.ClassPathProvider                                       : loaded 2 times (x 68B)
Class com.google.common.collect.RegularImmutableMap$Values                            : loaded 2 times (x 167B)
Class org.gradle.internal.classloader.ClasspathUtil$1                                 : loaded 2 times (x 74B)
Class com.google.common.collect.ImmutableEnumMap                                      : loaded 2 times (x 123B)
Class com.google.common.collect.ImmutableList$ReverseImmutableList                    : loaded 2 times (x 168B)
Class org.gradle.internal.classloader.ClassLoaderFactory                              : loaded 2 times (x 68B)
Class com.google.common.collect.ObjectArrays                                          : loaded 2 times (x 69B)
Class com.google.common.collect.Iterators$10                                          : loaded 2 times (x 79B)
Class com.google.common.collect.ImmutableList                                         : loaded 2 times (x 166B)
Class org.gradle.api.internal.classpath.ManifestUtil                                  : loaded 2 times (x 69B)
Class org.gradle.api.specs.Spec                                                       : loaded 2 times (x 68B)
Class com.google.common.base.CharMatcher$Whitespace                                   : loaded 2 times (x 110B)
Class com.google.common.collect.Iterators$1                                           : loaded 2 times (x 79B)
Class com.google.common.collect.Iterators$4                                           : loaded 2 times (x 80B)
Class com.google.common.collect.Iterators$5                                           : loaded 2 times (x 80B)
Class com.google.common.base.Preconditions                                            : loaded 2 times (x 69B)
Class com.google.common.base.Function                                                 : loaded 2 times (x 68B)
Class com.google.common.collect.Iterators$9                                           : loaded 2 times (x 79B)
Class org.gradle.internal.IoActions                                                   : loaded 2 times (x 69B)
Class com.google.common.collect.RegularImmutableMap$KeySet                            : loaded 2 times (x 148B)
Class com.google.common.collect.CollectPreconditions                                  : loaded 2 times (x 69B)
Class com.google.common.collect.Maps                                                  : loaded 2 times (x 69B)
Class com.google.common.collect.RegularImmutableMap                                   : loaded 2 times (x 119B)
Class com.google.common.collect.AbstractIndexedListIterator                           : loaded 2 times (x 94B)
Class build_7ep81jtyq4grmksiealr8mh3i                                                 : loaded 2 times (x 178B)
Class com.google.common.base.CharMatcher$None                                         : loaded 2 times (x 110B)
Class org.gradle.api.internal.classpath.EffectiveClassPath                            : loaded 2 times (x 88B)
Class com.google.common.collect.UnmodifiableListIterator                              : loaded 2 times (x 93B)
Class com.google.common.collect.ImmutableList$1                                       : loaded 2 times (x 95B)
Class com.google.common.base.Splitter$Strategy                                        : loaded 2 times (x 68B)
Class com.google.common.collect.ImmutableMapEntrySet$RegularEntrySet                  : loaded 2 times (x 149B)
Class [Lcom.google.common.collect.ImmutableMapEntry;                                  : loaded 2 times (x 67B)
Class org.gradle.internal.installation.CurrentGradleInstallation                      : loaded 2 times (x 71B)
Class org.gradle.internal.installation.CurrentGradleInstallationLocator               : loaded 2 times (x 69B)
Class org.gradle.api.internal.classpath.Module                                        : loaded 2 times (x 68B)
Class com.google.common.base.Splitter$1$1                                             : loaded 2 times (x 84B)
Class com.google.common.collect.ImmutableSet$JdkBackedSetBuilderImpl                  : loaded 2 times (x 74B)
Class com.google.common.collect.ImmutableSet$RegularSetBuilderImpl                    : loaded 2 times (x 75B)
Class org.gradle.internal.service.CachingServiceLocator                               : loaded 2 times (x 80B)
Class settings_7dfztu2tqn8e162nqnw034w0t                                              : loaded 2 times (x 177B)
Class [Lcom.google.common.collect.ImmutableEntry;                                     : loaded 2 times (x 67B)
Class org.gradle.internal.classpath.DefaultClassPath                                  : loaded 2 times (x 88B)
Class org.gradle.api.Transformer                                                      : loaded 2 times (x 68B)
Class com.google.common.base.Splitter$SplittingIterator                               : loaded 2 times (x 82B)
Class com.google.common.base.CharMatcher$Is                                           : loaded 2 times (x 109B)
Class com.google.common.collect.RegularImmutableAsList                                : loaded 2 times (x 176B)
Class com.google.common.collect.PeekingIterator                                       : loaded 2 times (x 68B)
Class com.google.common.collect.ImmutableMapEntrySet                                  : loaded 2 times (x 149B)
Class com.google.common.collect.ImmutableBiMapFauxverideShim                          : loaded 2 times (x 118B)
Class org.gradle.internal.classloader.SystemClassLoaderSpec                           : loaded 2 times (x 69B)
Class com.google.common.collect.SingletonImmutableSet                                 : loaded 2 times (x 146B)
Class [Lcom.google.common.base.AbstractIterator$State;                                : loaded 2 times (x 67B)
Class com.google.common.collect.ImmutableMap$Builder                                  : loaded 2 times (x 78B)
Class com.google.common.base.AbstractIterator                                         : loaded 2 times (x 78B)
Class com.google.common.base.AbstractIterator$1                                       : loaded 2 times (x 69B)
Class build_7ep81jtyq4grmksiealr8mh3i$_run_closure1                                   : loaded 2 times (x 134B)
Class com.google.common.collect.Iterators                                             : loaded 2 times (x 69B)
Class com.google.common.base.CharMatcher$1                                            : loaded 2 times (x 111B)
Class com.google.common.base.CharMatcher$Ascii                                        : loaded 2 times (x 110B)
Class org.gradle.api.UncheckedIOException                                             : loaded 2 times (x 80B)
Class com.google.common.base.CharMatcher$And                                          : loaded 2 times (x 110B)
Class com.google.common.collect.IndexedImmutableSet                                   : loaded 2 times (x 148B)
Class com.google.common.collect.AbstractListMultimap                                  : loaded 2 times (x 170B)
Class com.google.common.base.CharMatcher$Any                                          : loaded 2 times (x 110B)
Class org.gradle.internal.installation.GradleInstallation                             : loaded 2 times (x 73B)
Class com.google.common.collect.ArrayListMultimapGwtSerializationDependencies         : loaded 2 times (x 170B)
Class com.google.common.base.CharMatcher$RangesMatcher                                : loaded 2 times (x 110B)
Class com.google.common.collect.ImmutableList$SubList                                 : loaded 2 times (x 168B)
Class org.gradle.internal.classloader.ClasspathUtil                                   : loaded 2 times (x 69B)
Class com.google.common.base.Splitter$1                                               : loaded 2 times (x 75B)
Class com.google.common.collect.Maps$BiMapConverter                                   : loaded 2 times (x 88B)
Class org.gradle.api.internal.DefaultClassPathRegistry                                : loaded 2 times (x 74B)
Class com.google.common.collect.ImmutableSet$SetBuilderImpl                           : loaded 2 times (x 74B)
Class org.gradle.api.internal.classpath.DefaultModuleRegistry$DefaultModule           : loaded 2 times (x 84B)
Class com.google.common.base.CharMatcher$JavaIsoControl                               : loaded 2 times (x 110B)
Class com.google.common.collect.ImmutableMap$1                                        : loaded 2 times (x 79B)
Class com.google.common.base.CharMatcher$Or                                           : loaded 2 times (x 110B)
Class com.google.common.collect.Iterables                                             : loaded 2 times (x 69B)
Class com.google.common.base.CharMatcher$JavaLowerCase                                : loaded 2 times (x 109B)
Class org.gradle.api.internal.classpath.UnknownModuleException                        : loaded 2 times (x 80B)
Class com.google.common.collect.Maps$EntryTransformer                                 : loaded 2 times (x 68B)
Class com.google.common.collect.ImmutableCollection$Builder                           : loaded 2 times (x 74B)
Class com.google.common.base.CommonPattern                                            : loaded 2 times (x 72B)
Class org.gradle.internal.service.ServiceLookupException                              : loaded 2 times (x 80B)
Class org.gradle.cache.GlobalCache                                                    : loaded 2 times (x 68B)
Class com.google.common.base.CharMatcher$NegatedFastMatcher                           : loaded 2 times (x 111B)
Class [Lorg.gradle.api.internal.ClassPathProvider;                                    : loaded 2 times (x 67B)
Class org.gradle.util.internal.GUtil                                                  : loaded 2 times (x 69B)
Class com.google.common.math.IntMath                                                  : loaded 2 times (x 69B)
Class com.google.common.collect.AbstractIterator                                      : loaded 2 times (x 80B)
Class org.gradle.internal.classloader.ClassLoaderSpec                                 : loaded 2 times (x 69B)
Class com.google.common.collect.AbstractMapEntry                                      : loaded 2 times (x 79B)
Class com.google.common.base.CharMatcher$Negated                                      : loaded 2 times (x 111B)
Class com.google.common.collect.ImmutableSet$Builder                                  : loaded 2 times (x 83B)
Class com.google.common.base.CharMatcher$ForPredicate                                 : loaded 2 times (x 110B)
Class com.google.common.collect.ImmutableMap$MapViewOfValuesAsSingletonSets           : loaded 2 times (x 123B)
Class com.google.common.collect.SortedMapDifference                                   : loaded 2 times (x 68B)
Class org.gradle.internal.classloader.VisitableURLClassLoader                         : loaded 2 times (x 115B)
Class com.google.common.collect.ImmutableBiMap                                        : loaded 2 times (x 142B)
Class org.gradle.internal.Cast                                                        : loaded 2 times (x 69B)
Class Build_gradle                                                                    : loaded 2 times (x 128B)
Class org.gradle.api.internal.ClassPathRegistry                                       : loaded 2 times (x 68B)
Class com.google.common.collect.ImmutableSet                                          : loaded 2 times (x 145B)
Class org.gradle.internal.classloader.ClassLoaderHierarchy                            : loaded 2 times (x 68B)
Class com.google.common.base.AbstractIterator$State                                   : loaded 2 times (x 77B)
Class com.google.common.base.CharMatcher$NamedFastMatcher                             : loaded 2 times (x 110B)
Class org.gradle.internal.service.ServiceLocator                                      : loaded 2 times (x 68B)
Class com.google.common.collect.ImmutableMapEntry                                     : loaded 2 times (x 83B)
Class com.google.common.base.CharMatcher$Invisible                                    : loaded 2 times (x 110B)
Class com.google.common.base.CharMatcher$FastMatcher                                  : loaded 2 times (x 109B)
Class org.gradle.internal.classpath.DefaultClassPath$ImmutableUniqueList              : loaded 2 times (x 159B)
Class com.google.common.base.CharMatcher$JavaLetter                                   : loaded 2 times (x 109B)
Class com.google.common.collect.MapDifference                                         : loaded 2 times (x 68B)
Class com.google.common.collect.Platform                                              : loaded 2 times (x 69B)
Class com.google.common.collect.ImmutableAsList                                       : loaded 2 times (x 169B)
Class com.google.common.base.CharMatcher$AnyOf                                        : loaded 2 times (x 110B)
Class com.google.common.base.CharMatcher$IsEither                                     : loaded 2 times (x 109B)
Class com.google.common.collect.RegularImmutableList                                  : loaded 2 times (x 172B)
Class com.google.common.base.CharMatcher$JavaUpperCase                                : loaded 2 times (x 109B)
Class com.google.common.collect.Multiset                                              : loaded 2 times (x 68B)
Class com.google.common.collect.ImmutableMapEntry$NonTerminalImmutableMapEntry        : loaded 2 times (x 83B)
Class com.google.common.collect.AbstractMapBasedMultimap                              : loaded 2 times (x 137B)


---------------  S Y S T E M  ---------------

OS:
 Windows 11 , 64 bit Build 22621 (10.0.22621.4391)
OS uptime: 1 days 10:56 hours

CPU: total 8 (initial active 8) (4 cores per cpu, 2 threads per core) family 6 model 58 stepping 9 microcode 0x21, cx8, cmov, fxsr, ht, mmx, sse, sse2, sse3, ssse3, sse4.1, sse4.2, popcnt, tsc, tscinvbit, avx, aes, erms, clmul, vzeroupper, clflush
Processor Information for all 8 processors :
  Max Mhz: 3501, Current Mhz: 3501, Mhz Limit: 3501

Memory: 4k page, system-wide physical 8133M (703M free)
TotalPageFile size 32709M (AvailPageFile size 5M)
current process WorkingSet (physical memory assigned to process): 324M, peak: 324M
current process commit charge ("private bytes"): 363M, peak: 366M

vm_info: OpenJDK 64-Bit Server VM (17.0.10+0--11572160) for windows-amd64 JRE (17.0.10+0--11572160), built on Mar 13 2024 23:56:38 by "androidbuild" with MS VC++ 16.10 / 16.11 (VS2019)

END.
